dxci88b
dxcioxq
dxf0nbb
dxgqfwn
dxspa3b
dxu2k7b
dxsnz9a
dxso6rd
dxvovhs
dy2wd3o
dy8i2pf
dy8hyq2
dy8iy6y
dycae56
dych0pm
dychte4
dyet15v
dyhzcmt
dyhzedv
dyhzgfb
dyi1183
dyi168x
dyi15fn
dyi1hnr
dyz559d
dz1kadm
dz4ukl5
dz9z64k
dzjpm6l
dzp600a
dzp5zu6
dzpfi8d
dzpxa7w
dzq19lm
dzqfsjz
dzvvxlg
dzvwdec
dzvzddy
e03obxg
e0268cm
e05ifmm
e0c7qdf
e0cdm04
e0cdov8
e0fhjrh
e0rgtbe
e14kwcl
e15lc0r
e162ha7
e16etvj
e17awjz
e19z7b9
e1e45zv
e1jk73t
e1lcm7q
e1puaww
e1u265i
e1u1xvm
e1u1wpl
e1w78vg
e20h8i3
e20q3e6
e21r99a
e2ab33e
e2btpgy
e2hmqwu
