8b0xbg
8b0fh1
8aztzq
8azgpe
8azacs
8az691
8axce3
8avk25
8auiep
8auhrs
8atnxa
8asklv
8arzm4
8al3wk
8b4err
8b80ur
8b86cn
8b89qs
8b8jl8
8b8sl0
8bc944
8bc8v2
8bggjt
8bhnfb
8bhrty
8bi5ok
8bil2e
8biv50
8bj83b
8bjjeo
8bkjfp
8blq39
8bmgsw
8bnk0f
8bpd0c
8bq9y7
8bqilo
8bviok
8bw0ir
8bw7gw
8byu22
8bza79
8bzda5
8c1xcj
8c2m6g
8c5nfu
8c5qpp
8c6blp
8c6n1b
8c8dix
8c8lp2
8c8you
8cb7ev
8cbkxk
8ccau8
8ccfoj
8cgox0
8cgo7l
8chop0
8ci5m1
8cir4q
8cirv0
8cj2fr
8cp27v
8ctyrf
8cundp
8cymz4
8d308k
8d32k3
8d3qgi
8d3tr4
8d3x0i
8d5ibk
8d6pw3
8d7f54
8d7h40
8d7gha
8d7fv3
8d8btt
8d9252
8d91ej
8dbjsk
8dbrtb
8dcx4r
8dczju
8dd1zy
8dd6vk
8dd767
8df3kz
8dg0dm
8dh3kf
8dlw8y
8dnpx3
8dnsz8
8drk2m
8dtokh
8duhoa
8duzj7
8dvu5y
8dw9ft
8dxqlj
8dxzda
8dy2m6
8dy9pk
8dyc7n
8dyzfe
8e0isp
8e0qy9
8e18m0
8e1lxg
8e1qba
8e2uhd
8e5c9v
8e6eu8
8e7v7l
8ebiw7
8eedgd
8egvjz
8ei9jv
8ej720
8ejkeo
8el0qo
8em2w4
8em5yu
8em7cp
8emhsz
8eqjwn
8et2qp
8et878
8etxwi
8eu3wb
8ew1t3
8ew1s4
8ew2tv
8ex2cy
8eypma
8f0pxd
8f4lru
8f4ssz
8f5uhn
8f8w63
8f8xal
8f99q4
8f9num
8fdcss
8ff7wr
8fh0f8
8fjeak
8fk40m
8fliqq
8fns1s
8foaqp
8focqj
8fp8p5
8fpyme
8fq2yj
8fqa4c
8fqal8
8fqnkc
8fqxdh
8fqy1z
8fqyle
8fr0vp
8fr1ye
8fr2pp
8fr3td
8fxcpk
8fwkrc
8fwgdr
8fva91
8fzc2i
8g11cg
8g2aei
8g2c42
8g2hwx
8g6lds
8g83y1
8ga8g9
8gabss
8gawhn
8gdq0r
8geeuv
8gfhkh
8gfh7z
8gfmg7
8gfsub
8gfv7u
8gfvpd
8gfzkt
8gg0r4
8gjvap
8gk1hg
8gkol0
8gkr05
8glgct
8go1xh
8go5ue
8gq33e
8grt80
8grxwp
8gs2om
8gxwfo
8gymwx
8gymjn
8gzjwk
8h5gld
8h5vgj
8h63cl
8h63xl
8h65gi
8h6tkg
8h6vj8
8h768u
8h7fep
8h7v9w
8h9sb0
8haol2
8hart8
8hehic
8hfo2w
8hftdy
8hhucz
8hi2w6
8hknzv
8hkqm6
8hqjz6
8hqlum
8hv6xh
8hwhx1
8hwmup
8hxeb9
8hy2so
8i14dx
8i2mzd
8i51no
8i7sm6
8i8u4m
8i931e
8if1av
8iezhk
8ieylp
8iexv2
8ies6g
8ielgw
8ids5b
8id79p
8if2ct
8if4mh
8iw2it
8iud72
8it280
8iq53l
8ioygt
8imdi5
8ilo2t
8il7ba
8ikc3y
8ij5gb
8ix1g0
8ixzgk
8iypoy
8iyyer
8iz9dr
8izl54
8iztdo
8j3tcf
8j459o
8j4c6x
8j5dhv
8j9yuo
8jb5wv
8jd0eb
8jej9s
8ji213
8jk51n
8jledt
8jlom1
8jnhoi
8jowsc
8js54y
8jwhlu
8jwya7
8jya0h
8jywzq
8k46x5
8k4yp4
8k58cf
8k6dbn
8k9yrj
8ka0xn
8ka57w
8kahce
8kaztl
8kbn41
8kbngy
8kd5zn
8kdb98
8kdac8
8kdcdq
8kefiu
8kft42
8kfx10
8kgxm5
8khoit
8kj049
8kl5u4
8kl98e
8klo8t
8klv6l
8kluvj
8kmdil
8kmgez
8kmhm5
8kmlrm
8kmmrs
8kmlyt
8kmr9e
8kmsj7
8kmsa5
8kms11
8kmrt8
8kpj4r
8kppvc
8kpzed
8ktvn6
8kvb86
8kxr5k
8kxwd9
8ky9za
8kz6b7
8kz7bq
8kzht1
8l0j8x
8l0oht
8l2094
8l3kvq
8l475n
8l4s68
8l4vby
8l4uo8
8l54ad
8l6037
8l7elg
8l9zqw
8la1du
8la0wh
8la2a5
8la5ig
8ljps0
8ljkxf
8liy0d
8lixmn
8lixfd
8liuqp
8liqqh
8lipfs
8lin7w
8lhx8w
8lff2h
8lf5gy
8lmdmm
8lnade
8locom
8lp3v1
8lrdqn
8lrdo6
8lrdl2
8lrdgn
8lrnbn
8lrq51
8lrzcl
8ls59y
8lsmmn
8lsr3w
8lt002
8lta4d
8ltyyr
8lu7zb
8lx28c
8lzpa3
8lxb6v
8m02pj
8m0466
