RGBA_https://i.redd.it/swl7l4ph6ik41.png
RGB_https://i.imgur.com/p5yVpnx.jpg
RGB_https://i.redd.it/209o0plvxhk41.jpg
RGBA_https://i.redd.it/c0r4kvt9qik41.png
P_https://i.redd.it/81v4cmnarik41.png
RGBA_https://i.redd.it/6vd1ti4guik41.png
RGB_https://i.redd.it/h3y66x3uuik41.jpg
RGBA_https://i.redd.it/57mt1eo90jk41.png
RGBA_https://i.redd.it/1r9vj58t4jk41.png
RGB_https://i.imgur.com/Y4eRxVm.png
RGB_https://i.redd.it/t5z5m4zwzhk41.jpg
RGB_https://i.redd.it/11pbgs1tujk41.jpg
RGB_https://i.redd.it/petle3hkujk41.jpg
RGB_https://i.redd.it/qntanndgvjk41.jpg
RGB_https://i.redd.it/et92maecvjk41.jpg
RGB_https://i.redd.it/5l058z92vjk41.jpg
RGB_https://i.redd.it/yyack7s3wjk41.jpg
RGB_https://i.redd.it/pnm3uq7xvjk41.jpg
RGB_https://i.redd.it/a4xi6c9tvjk41.jpg
RGBA_https://i.redd.it/14oxmhytxjk41.png
RGBA_https://i.imgur.com/Tj2en3P.png
RGBA_https://i.redd.it/ow5w6lmtfkk41.png
RGB_https://i.redd.it/3qa92h21ukk41.jpg
RGBA_https://i.redd.it/swu76m686lk41.png
RGB_https://i.imgur.com/OX3OO07.jpg
RGBA_https://i.redd.it/4uoqzhmnvlk41.png
RGB_https://i.redd.it/rdlcse7n2nk41.jpg
RGBA_https://i.imgur.com/FBOiDno.jpg
RGBA_https://i.imgur.com/oooPOz8.jpg
RGBA_https://i.imgur.com/koYg37f.jpg
RGBA_https://i.imgur.com/QMaiicC.jpg
RGBA_https://i.imgur.com/mO2wDPl.jpg
RGBA_https://i.imgur.com/zVYVFy0.jpg
RGBA_https://i.redd.it/tz8cdy58mnk41.png
RGBA_https://i.redd.it/2ecx1zwtpnk41.png
RGBA_https://i.redd.it/93oq1b1rrnk41.png
RGB_https://i.redd.it/f1gvcj0jwnk41.jpg
RGB_https://i.redd.it/bz02rfex6ok41.jpg
RGBA_https://i.redd.it/qlndrome7ok41.png
RGB_https://i.redd.it/21mbpqdz7ok41.jpg
RGB_https://i.redd.it/vkd2v6tf9ok41.jpg
RGB_https://i.imgur.com/4ud5ALF.jpg
RGB_https://i.redd.it/2ne1bha2upk41.jpg
RGB_https://i.redd.it/yufaoagwupk41.jpg
RGBA_https://i.redd.it/ghwkj12b6qk41.png
RGBA_https://i.redd.it/de1u2mvnaqk41.png
RGBA_https://i.redd.it/ijcfnnufaqk41.png
RGB_https://i.imgur.com/wy5WYaa.png
RGB_https://i.redd.it/n5f648bjbqk41.jpg
RGB_https://i.redd.it/12gch6llbqk41.jpg
RGBA_https://i.redd.it/ij7kx71yeqk41.png
RGBA_https://i.redd.it/8o3jpfbhgqk41.png
RGBA_https://i.redd.it/y6g1nyt1iqk41.png
RGBA_https://i.redd.it/dtq6kr1ajqk41.png
RGB_https://i.redd.it/k4k9k7kd8rk41.jpg
RGB_https://i.redd.it/9ihlwy2k8rk41.jpg
RGB_https://i.redd.it/brfak7wc9rk41.jpg
RGB_https://i.imgur.com/iwdYS8y.jpg
RGB_https://i.redd.it/95ch92qmnsk41.jpg
RGBA_https://i.redd.it/l5vv7ja84tk41.png
RGB_https://i.redd.it/pccl96foctk41.jpg
RGB_https://i.redd.it/a79bbqedetk41.jpg
RGB_https://i.redd.it/ccqzoaw2htk41.jpg
RGB_https://i.redd.it/bkch4hrohtk41.jpg
RGB_https://i.redd.it/c2fxrzq7rtk41.jpg
RGBA_https://i.imgur.com/pXBTM1H.jpg
RGBA_https://i.imgur.com/90g78M9.jpg
RGBA_https://i.imgur.com/kXYJ7hf.jpg
RGBA_https://i.imgur.com/guOr1yh.jpg
RGB_https://i.redd.it/f41rlp5cluk41.jpg
RGBA_https://i.imgur.com/MaVYzGs.jpg
RGBA_https://i.imgur.com/fg7JBjR.jpg
RGBA_https://i.imgur.com/s8auZbO.jpg
RGBA_https://i.imgur.com/PGz5UaZ.jpg
RGBA_https://i.imgur.com/QTWjgHH.jpg
RGBA_https://i.imgur.com/VcR8vG7.jpg
RGBA_https://i.imgur.com/ET1PIMX.jpg
RGBA_https://i.redd.it/4hdjpox9ruk41.png
RGBA_https://i.imgur.com/4dxkRfl.jpg
RGB_https://i.redd.it/nk8rabvoavk41.jpg
RGB_https://i.imgur.com/kDl0YKH.jpg
RGBA_https://i.imgur.com/Et2CYTs.jpg
RGBA_https://i.imgur.com/UZKzV9X.jpg
RGBA_https://i.imgur.com/f3Ys4oH.jpg
RGB_https://i.redd.it/xbz062iamvk41.png
RGB_https://i.imgur.com/AKE5Nz9.jpg
RGBA_https://i.redd.it/pwj41rqhyvk41.png
RGB_https://i.imgur.com/bIGq2sm.jpg
RGB_https://i.imgur.com/Oa5R0Vc.jpg
RGB_https://i.redd.it/oo42h600bwk41.jpg
RGB_https://i.redd.it/pvnjosyznwk41.jpg
RGB_https://i.redd.it/u6ekrx1om5x31.png
RGBA_https://i.vgy.me/Yonmhd.png
RGBA_https://i.vgy.me/fCT1tV.png
RGBA_https://i.vgy.me/YdkQ8t.png
RGBA_https://i.redd.it/umgtk0aabxk41.png
RGB_https://i.redd.it/zctht6swexk41.png
RGBA_https://i.redd.it/4k9xnciahxk41.png
RGB_https://i.imgur.com/vnWhfGT.jpg
RGB_https://i.redd.it/57n1vffv2yk41.jpg
RGBA_https://i.redd.it/waygx5t17yk41.png
RGBA_https://i.vgy.me/ykNrUG.png
RGB_https://i.redd.it/495yyn6jzyk41.png
RGBA_https://i.redd.it/jzzazrdg4zk41.png
RGB_https://i.redd.it/6ru8jbqzfzk41.jpg
RGB_https://i.redd.it/xs49vpz1jzk41.jpg
RGB_https://i.redd.it/i15u4ic4rzk41.jpg
RGB_https://i.redd.it/jh7oye4pxzk41.jpg
RGB_https://i.redd.it/27yi0ogxxzk41.jpg
RGB_https://i.redd.it/gpckcqrsxzk41.jpg
RGBA_https://i.redd.it/ftyfl9pzzzk41.png
RGBA_https://i.redd.it/tw4ryk0fh0l41.png
RGBA_https://i.redd.it/uda5axhyu0l41.png
RGBA_https://i.redd.it/nww94zemo1l41.png
RGBA_https://i.redd.it/ib72ge5tp1l41.png
RGB_https://i.redd.it/34zfg0jdq1l41.png
RGBA_https://i.redd.it/d291935px1l41.png
RGB_https://i.redd.it/xvu2tk9532l41.jpg
RGBA_https://i.redd.it/1x6hyrfuf2l41.png
RGB_https://i.redd.it/q9rbg60su2l41.jpg
RGB_https://i.redd.it/pxmtmovs33l41.jpg
RGBA_https://i.redd.it/syf9gk9073l41.png
RGBA_https://i.redd.it/spifrd3p83l41.png
RGBA_https://i.redd.it/2zpob49g83l41.png
RGBA_https://i.imgur.com/10riqEc.png
RGBA_https://i.vgy.me/Lcc44l.png
RGBA_https://i.redd.it/iawrrfkek4l41.png
RGBA_https://i.redd.it/mhhsh1hbm4l41.png
RGBA_https://i.redd.it/8iemsib6m4l41.png
RGBA_https://i.redd.it/3otpvdakp4l41.png
RGBA_https://i.redd.it/5q3z3wbmt4l41.png
RGB_https://i.redd.it/smqb5vyr15l41.png
RGB_https://i.redd.it/8fqeadl945l41.jpg
RGB_https://i.redd.it/vttmlforv5l41.png
RGBA_https://i.redd.it/fxzuclbu66l41.png
RGB_https://i.imgur.com/YTv5NVR.jpg
RGB_https://i.redd.it/kcz8z4czn6l41.jpg
RGB_https://i.redd.it/w0sk9b8cz6l41.jpg
RGB_https://i.redd.it/rb47kbdrz6l41.png
RGB_https://i.redd.it/bysk6o1q97l41.png
RGBA_https://i.imgur.com/cgsEQvz.png
RGBA_https://i.redd.it/ho08r6rfp7l41.png
RGB_https://i.redd.it/99cpckaoq8l41.png
RGB_https://i.redd.it/6w4k4kk669l41.jpg
RGB_https://i.redd.it/oapeyrvi89l41.jpg
RGB_https://i.redd.it/luoy023ngal41.jpg
RGB_https://i.redd.it/bu5q7ft7jal41.jpg
RGBA_https://i.redd.it/qe4qy03qjal41.png
RGB_https://i.redd.it/8iiyj0u9jal41.png
RGB_https://i.imgur.com/WLoOMqP.png
RGB_https://i.imgur.com/ScR79Sc.jpg
RGBA_https://i.redd.it/mjkjz9qaabl41.png
RGB_https://i.redd.it/cs7hpdvnbbl41.png
P_https://i.redd.it/v39nccy3jbl41.png
RGB_https://i.redd.it/0xey9no7nbl41.jpg
RGB_https://i.imgur.com/PXQ7TiM.png
RGB_https://i.redd.it/qq905jtj0cl41.jpg
RGB_https://i.redd.it/2buuwyklecl41.jpg
RGBA_https://i.redd.it/h6uhj7cqwcl41.png
RGB_https://i.redd.it/ab87iob21dl41.png
RGB_https://i.redd.it/9nxh9nsi8dl41.jpg
RGB_https://i.redd.it/89jcxuw0bdl41.jpg
RGB_https://i.redd.it/zdh82r9tvdl41.png
RGBA_https://i.redd.it/z44f1y11ael41.png
RGB_https://i.redd.it/kjdyf4a9hel41.png
RGBA_https://i.redd.it/urcchmsyxel41.png
RGB_https://i.redd.it/6qwzhibqzel41.png
RGBA_https://i.redd.it/smy8ggcq4fl41.png
RGB_https://i.redd.it/w25yokhm4fl41.png
RGBA_https://i.redd.it/8uuprea67fl41.png
RGBA_https://i.redd.it/1bu821te8fl41.png
RGBA_https://i.redd.it/gaykrw2i9fl41.png
RGBA_https://i.redd.it/glprs4yx9fl41.png
RGBA_https://i.redd.it/9ldz77lq9fl41.png
RGB_https://i.redd.it/t3isashoafl41.png
RGBA_https://i.redd.it/wf60reo7bfl41.png
RGBA_https://i.redd.it/s8qrk8oxafl41.png
RGBA_https://i.redd.it/vxaompbibfl41.png
RGBA_https://i.redd.it/hz9e73kwhfl41.png
RGBA_https://i.redd.it/0ptp9mbhkfl41.png
RGBA_https://i.redd.it/pd065xkx7gl41.png
RGB_https://i.redd.it/td4curircgl41.jpg
RGBA_https://i.redd.it/13ghxylj1hl41.png
RGBA_https://i.redd.it/2czmjnga2hl41.png
RGB_https://i.redd.it/6z8rq4tcmhl41.jpg
RGB_https://i.redd.it/0ccgf27xnhl41.jpg
RGB_https://i.imgur.com/cDj3f5I.jpg
RGB_https://i.redd.it/zqnnnp8iwil41.jpg
RGBA_https://i.redd.it/jxd7c53f9jl41.png
RGB_https://i.redd.it/jnmvv763ejl41.jpg
RGB_https://i.redd.it/kx2tglpmejl41.jpg
RGB_https://i.redd.it/356jzh8ihjl41.jpg
RGBA_https://i.redd.it/i9sa2p5mljl41.png
RGBA_https://i.redd.it/i1x87h7g2kl41.png
RGBA_https://i.redd.it/udtcs3y7ekl41.png
RGB_https://i.redd.it/u2j6kve6gkl41.jpg
RGB_https://i.redd.it/m6n21ag7lkl41.jpg
RGBA_https://i.redd.it/x3xdqtmrqkl41.png
RGB_https://i.redd.it/ms6ptory0ml41.jpg
RGBA_https://i.redd.it/ufm930u23ml41.png
RGB_https://i.redd.it/we1xl4idpml41.jpg
RGB_https://i.redd.it/3p0phdi8pml41.jpg
RGB_https://i.redd.it/xn7lqw25pml41.jpg
RGB_https://i.redd.it/w7qd0s9ipml41.jpg
RGBA_https://i.imgur.com/O6TYTfM.jpg
RGBA_https://i.imgur.com/PLwdLp1.jpg
RGBA_https://i.imgur.com/fhRFsHT.jpg
RGBA_https://i.imgur.com/X8mzK4x.jpg
RGBA_https://i.imgur.com/2jYYd5c.jpg
RGBA_https://i.imgur.com/aTA33bb.jpg
RGBA_https://i.imgur.com/4cXQMDb.jpg
RGBA_https://i.imgur.com/GwstQ4O.jpg
RGB_https://i.redd.it/197x2gjz7nl41.jpg
RGBA_https://i.redd.it/2b3cy0r39nl41.png
RGB_https://i.redd.it/hzs6hm98cnl41.jpg
RGB_https://i.redd.it/8sehddh1cnl41.jpg
RGBA_https://i.imgur.com/uGtByqo.jpg
RGBA_https://i.imgur.com/5raSU7s.jpg
RGBA_https://i.imgur.com/mEuzh1I.jpg
RGBA_https://i.imgur.com/l9k3epW.jpg
RGBA_https://i.imgur.com/nMi1MRp.jpg
RGBA_https://i.imgur.com/KKPbVv6.jpg
RGBA_https://i.imgur.com/odu5d0R.jpg
RGBA_https://i.imgur.com/EPQKRs7.jpg
RGB_https://i.imgur.com/UjkPcoX.jpg
RGB_https://i.imgur.com/PtyQWK7.jpg
RGB_https://i.redd.it/m5ir0hmxqol41.jpg
RGB_https://i.redd.it/a9rb4c28jpl41.jpg
RGB_https://i.redd.it/hv8optvoopl41.jpg
RGBA_https://i.redd.it/1ibealfrrpl41.png
RGBA_https://i.imgur.com/ASXmcpO.png
RGBA_https://i.redd.it/t9pktvl3nql41.png
RGB_https://i.redd.it/394o9dgnmrl41.jpg
RGB_https://i.redd.it/mbq735cecsl41.jpg
RGB_https://i.redd.it/pr3bo7psdsl41.jpg
RGB_https://i.redd.it/vy0nnrl4esl41.jpg
RGB_https://i.redd.it/ttia5f0pesl41.jpg
P_https://i.redd.it/05oyfqa0fsl41.png
RGB_https://i.redd.it/akmh7bhmfsl41.png
RGB_https://i.redd.it/m5mzepd0gsl41.png
RGBA_https://i.redd.it/0gtqfgmsgsl41.png
RGB_https://i.redd.it/dwhkbmx8hsl41.jpg
RGB_https://i.redd.it/q14amo2lhsl41.jpg
P_https://i.redd.it/66mkrohzhsl41.png
RGB_https://i.redd.it/v25hkdegisl41.png
RGB_https://i.redd.it/a34352ieisl41.jpg
RGB_https://i.redd.it/dkobdfw9isl41.jpg
RGB_https://i.redd.it/09837k3zisl41.jpg
P_https://i.redd.it/1695o70oisl41.png
RGB_https://i.redd.it/lpj88t7lisl41.jpg
RGB_https://i.redd.it/d0kq1489jsl41.jpg
RGB_https://i.redd.it/ieb8qotojsl41.jpg
RGB_https://i.redd.it/jw3mnezgjsl41.png
RGB_https://i.redd.it/cii6sdv0ksl41.png
RGBA_https://i.redd.it/4e490q3ussl41.png
RGBA_https://i.redd.it/cozknysetsl41.png
RGB_https://i.redd.it/wwlve073wsl41.jpg
RGB_https://i.imgur.com/kfFt4Vw.jpg
RGB_https://i.redd.it/q3u6vpxvjtl41.jpg
RGB_https://i.redd.it/z7z018ctotl41.jpg
RGBA_https://i.redd.it/3mxgn75f6vl41.png
RGB_https://i.imgur.com/Of3CPau.jpg
RGB_https://i.imgur.com/1ZvRsTL.jpg
RGB_https://i.redd.it/x8x0rj27jvl41.jpg
RGB_https://i.imgur.com/f4m2nfP.jpg
RGBA_https://i.imgur.com/lAQesyF.png
RGB_https://i.redd.it/6e0j40d61wl41.jpg
RGB_https://i.imgur.com/qejQG1X.jpg
RGB_https://i.imgur.com/YjEd6RJ.jpg
RGB_https://i.redd.it/j9hgt6c4ywl41.png
RGB_https://i.redd.it/zg84feckfxl41.jpg
RGB_https://i.redd.it/spfiqqw9jxl41.png
RGB_https://i.redd.it/h6bglmp1oxl41.jpg
RGBA_https://i.redd.it/rkfohg9owxl41.png
RGB_https://i.redd.it/3mig6m0zzxl41.jpg
RGBA_https://i.redd.it/r48da0di5yl41.png
RGB_https://i.redd.it/2eso6zhvcyl41.png
RGBA_https://i.redd.it/2lkt2nn6syl41.png
RGB_https://i.redd.it/1bkcdnbjzyl41.jpg
RGB_https://i.redd.it/2z7jj6g50zl41.jpg
RGB_https://i.redd.it/hkxh23sd0zl41.jpg
RGB_https://i.redd.it/ehcoi9ds0zl41.jpg
RGB_https://i.redd.it/h6tivdn91zl41.jpg
RGB_https://i.redd.it/jzvbz66i1zl41.jpg
RGB_https://i.redd.it/rjn3spfu1zl41.jpg
RGB_https://i.redd.it/5w8mt4pc2zl41.jpg
RGB_https://i.redd.it/buc4mdc37zl41.jpg
RGB_https://i.imgur.com/ftmxrkN.jpg
RGB_https://i.imgur.com/1KeeyPA.jpg
RGB_https://i.redd.it/g992zu1nhzl41.png
RGBA_https://i.redd.it/8sg614a1jzl41.png
RGB_https://i.redd.it/s8j0heb210m41.png
RGB_https://i.vgy.me/4azm5z.jpg
RGB_https://i.redd.it/foobdcn5f0m41.jpg
RGB_https://i.vgy.me/4azm5z.jpg
RGB_https://i.redd.it/ucc4ngsqf0m41.jpg
RGB_https://i.redd.it/qkdv9ytmh0m41.jpg
RGB_https://i.redd.it/02fs1vfw31m41.jpg
RGB_https://i.imgur.com/GSsPkaC.jpg
RGBA_https://i.redd.it/w4s34tjjg1m41.png
RGB_https://i.redd.it/lalu8y17j1m41.jpg
RGB_https://i.redd.it/adtab4ad42m41.jpg
RGB_https://i.redd.it/d3romdyd72m41.jpg
RGBA_https://i.redd.it/mbh7hx5jj3m41.png
RGB_https://i.redd.it/d2rrz4bx84m41.jpg
RGB_https://i.redd.it/q4i07nf2y4m41.jpg
RGB_https://i.redd.it/hd7h3uzk76m41.jpg
RGBA_https://i.redd.it/qy7bjstpl6m41.png
RGB_https://i.redd.it/ssx08x76n1i41.jpg
RGBA_https://i.redd.it/62ictufc17m41.png
RGB_https://i.redd.it/cop5r8ew97m41.jpg
RGB_https://i.redd.it/eu45tmnla7m41.jpg
RGBA_https://i.imgur.com/afxyY24.jpg
RGBA_https://i.redd.it/teyyh98yd8m41.png
RGB_https://i.redd.it/x89m78nve8m41.jpg
RGBA_https://i.imgur.com/3qR3QrF.jpg
RGBA_https://i.imgur.com/IrWGWGZ.jpg
RGBA_https://i.imgur.com/yeXyJwM.jpg
RGB_https://i.redd.it/oij0a7uu49m41.jpg
RGBA_https://i.redd.it/vq0c92ml49m41.png
RGB_https://i.redd.it/dvdr6vwis9m41.jpg
RGB_https://i.redd.it/2sc2cdv99am41.jpg
RGBA_https://i.redd.it/3zylcpiicam41.png
RGBA_https://i.redd.it/oef9vx77ham41.png
RGB_https://i.redd.it/94naplwxram41.jpg
RGBA_https://i.redd.it/pgge1wylobm41.png
RGBA_https://i.redd.it/6nxxj0c8tbm41.png
RGB_https://i.redd.it/ayh4ljm6ccm41.jpg
RGB_https://i.redd.it/kh2swvekkcm41.jpg
RGB_https://i.redd.it/2wjzw4i4lcm41.jpg
RGB_https://i.redd.it/x25tkmrtkcm41.jpg
RGB_https://i.redd.it/ruvolumglcm41.jpg
RGB_https://i.redd.it/0s10g333mcm41.jpg
RGB_https://i.redd.it/w8kpb7p03dm41.jpg
RGB_https://i.redd.it/pokzidwxmdm41.jpg
RGB_https://i.imgur.com/kXiqvz7.jpg
RGB_https://i.redd.it/y09m2pn8bfm41.jpg
RGBA_https://i.redd.it/17yo8f81nfm41.png
RGB_https://i.redd.it/tzw37atwnfm41.jpg
RGBA_https://i.redd.it/aokypmo7wfm41.png
RGBA_https://i.redd.it/83dqoyrhxfm41.png
RGB_https://i.redd.it/2qm65fe14gm41.jpg
RGB_https://i.redd.it/sbfdwyowigm41.png
RGBA_https://i.redd.it/e3j8w75fzgm41.png
RGBA_https://i.redd.it/x96f9qihlhm41.png
RGBA_https://i.vgy.me/LuYfy8.png
RGBA_https://i.redd.it/jnszypndsim41.png
RGBA_https://i.redd.it/6xwz4pzmzim41.png
RGB_https://i.redd.it/rlp5u0qwejm41.jpg
RGB_https://i.redd.it/5se4tpe1fjm41.jpg
RGB_https://i.redd.it/ur7m3qrxtjm41.jpg
RGB_https://i.imgur.com/P4E5Xo5.jpg
RGBA_https://i.imgur.com/Rz0HaJ5.png
RGB_https://i.imgur.com/qhY9hkk.jpg
RGBA_https://i.redd.it/yn4psji79lm41.png
RGBA_https://i.imgur.com/8D4n6jW.png
RGB_https://i.imgur.com/adWW9b3.jpg
RGB_https://i.imgur.com/DXmGPTV.jpg
RGB_https://i.redd.it/poxmysycamm41.jpg
RGB_https://i.imgur.com/zmpuByE.jpg
RGB_https://i.redd.it/t0uc6x5yfmm41.jpg
RGB_/tmp/380ohuznsjm41.png
RGB_https://i.redd.it/vjvnisuignm41.jpg
RGB_https://i.redd.it/gjuu8uxlhnm41.jpg
RGB_https://i.redd.it/yeuzgf16inm41.jpg
RGB_https://i.redd.it/5oy340bminm41.jpg
RGB_https://i.redd.it/w190dd2zinm41.jpg
RGB_https://i.imgur.com/tUoFM8f.jpg
RGB_https://i.redd.it/60qlv73mjnm41.jpg
RGB_https://i.redd.it/mih351ffjnm41.jpg
RGB_https://i.redd.it/jzcyhn64knm41.jpg
RGB_https://i.redd.it/kvouspvnknm41.jpg
RGB_https://i.redd.it/dbyto98fqnm41.jpg
RGBA_https://i.redd.it/w2j5hoajznm41.png
RGB_https://i.redd.it/2gumr3kc0om41.jpg
RGBA_https://i1.lensdump.com/i/jgyIlM.png
RGBA_https://i.lensdump.com/i/jgyGSK.png
RGB_https://i.redd.it/c5w7d6n6jom41.jpg
RGB_https://i.redd.it/6x16w1qj3pm41.jpg
RGB_https://i.imgur.com/rqXoyRH.jpg
RGBA_https://i.redd.it/q26ifnsgmpm41.png
RGB_https://i.redd.it/bcwsrqwnspm41.jpg
RGB_https://i.redd.it/bq9ywz7gspm41.jpg
RGB_https://i.redd.it/wusdnotcspm41.jpg
RGB_https://i.redd.it/n6n16n2rspm41.jpg
RGB_https://i.imgur.com/ZcdkZe3.jpg
RGB_https://i.imgur.com/k4aPiNa.jpg
RGB_https://i.imgur.com/jxILWpi.jpg
RGBA_https://i.redd.it/xwh2dhcevqm41.png
RGBA_https://i.redd.it/m5wbr3gd1rm41.png
RGBA_https://i.imgur.com/SupXr1Q.png
RGB_https://i.redd.it/qqwfcyxnksm41.jpg
RGB_https://i.redd.it/xujkuw0lksm41.jpg
RGB_https://i.redd.it/izip7etyksm41.jpg
RGB_https://i.redd.it/s0mtwonvksm41.jpg
RGB_https://i.redd.it/vpd29isjlsm41.jpg
RGB_https://i.redd.it/k1reov3hlsm41.jpg
RGB_https://i.redd.it/oazittrdlsm41.jpg
RGB_https://i.redd.it/jv40fi8alsm41.jpg
RGB_https://i.redd.it/hedh30o5lsm41.jpg
RGB_https://i.redd.it/ems1loqvlsm41.jpg
RGB_https://i.redd.it/y2exg6qqlsm41.jpg
RGB_https://i.imgur.com/MvdKYti.jpg
RGB_https://i.imgur.com/R3HHeGE.jpg
RGB_https://i.imgur.com/Y7TU3my.jpg
RGB_https://i.redd.it/4i2ph1k7osm41.jpg
RGB_https://i.imgur.com/861rApD.jpg
RGB_https://i.redd.it/g69plh4z9tm41.png
RGBA_https://i.redd.it/40hjaptkatm41.png
RGBA_https://i.redd.it/y9uhnl9vwtm41.png
RGB_https://i.redd.it/hme79n821um41.png
RGB_https://i.redd.it/3go8u8fg1um41.jpg
RGB_https://i.redd.it/flin4xhz1um41.jpg
RGB_https://i.redd.it/5pt01gyb2um41.jpg
RGB_https://i.redd.it/2moxls092um41.jpg
RGB_https://i.redd.it/dmycxpzm2um41.jpg
RGB_https://i.redd.it/s9s44i8y2um41.jpg
RGB_https://i.redd.it/5rjzi4pz3um41.jpg
RGB_https://i.redd.it/0wfzui4l8um41.jpg
RGB_https://i.redd.it/4m9078ru9um41.jpg
RGBA_https://i.redd.it/khbvcrahlum41.png
RGB_https://i.redd.it/ievpb0kcpum41.png
RGBA_https://i.redd.it/ya2lrqftuum41.png
RGBA_https://i.imgur.com/9fHiwYx.png
RGBA_https://i.redd.it/23nkyqq77vm41.png
RGB_https://i.redd.it/h82kc7fabwm41.jpg
RGB_https://i.redd.it/7t0tz73ihwm41.jpg
RGBA_https://i.redd.it/9e3xa7rmswm41.png
RGB_https://i.imgur.com/BjiA3JU.jpg
RGB_https://i.redd.it/52c6uwijlym41.png
RGB_https://i.redd.it/qtld3hq6qym41.jpg
RGBA_https://i.redd.it/ku3si8kcrym41.png
RGB_https://i.redd.it/rmllhskatym41.jpg
RGB_https://i.redd.it/68yi2vd830n41.png
RGB_https://i.redd.it/iwenix5fuzm41.jpg
RGB_https://i.redd.it/jzax3t9c01n41.jpg
RGB_https://i.redd.it/gedvnmbn01n41.jpg
RGB_https://i.redd.it/zcw7tn5g11n41.jpg
RGBA_https://i.redd.it/27ws9b3bg1n41.png
RGB_https://i.imgur.com/iTrSNXU.jpg
RGBA_https://i.redd.it/d3nugk6o62n41.png
RGB_https://i.imgur.com/P7H5rex.jpg
RGB_https://i.imgur.com/C8BzVMt.jpg
RGB_https://i.redd.it/7zfs6v40e3n41.png
RGB_https://i.redd.it/bff9e5bmv3n41.png
RGB_https://i.redd.it/gl3nmqk5w3n41.jpg
RGBA_https://i.redd.it/audrt1sdy3n41.png
RGBA_https://i.redd.it/lm0st2q1z3n41.png
RGB_https://i.redd.it/r3o2za5t24n41.jpg
RGB_https://i.redd.it/l6dawzxf64n41.jpg
RGB_https://i.redd.it/yqy8oaxtu4n41.jpg
RGBA_https://i.redd.it/rxxt9at5y4n41.png
RGB_https://i.redd.it/4272oyw835n41.jpg
RGB_https://i.imgur.com/ldAD494.jpg
RGB_https://i.redd.it/jz9idkm8a5n41.jpg
RGB_https://i.redd.it/a2ywa1n9r5n41.jpg
RGB_https://i.redd.it/qladb2er17n41.jpg
RGB_https://i.redd.it/xfk6v9zpa7n41.jpg
RGB_https://i.redd.it/e6a8mvhvn7n41.jpg
RGB_https://i.redd.it/0dku27c7o7n41.jpg
RGBA_https://i.redd.it/ptpnw0nif8n41.png
RGBA_https://i.redd.it/v8xzklsik8n41.png
RGB_https://i.imgur.com/RZx4otD.jpg
RGB_https://i.redd.it/zkgwpeaji9n41.jpg
RGB_https://i.redd.it/fqfif092p9n41.jpg
RGB_https://i.redd.it/tfyhdnxbtan41.png
RGB_https://i.redd.it/9h149m3mxan41.jpg
RGB_https://i.redd.it/oqa13rzn9bn41.jpg
RGB_https://i.redd.it/6fztyn9kpbn41.jpg
RGBA_https://i.redd.it/zuemui97acn41.png
RGBA_https://i.redd.it/hete1vjt27n41.png
RGB_https://i.redd.it/lvmstt17ien41.png
RGBA_https://i.redd.it/c7jq0vqs8fn41.png
RGB_https://i.imgur.com/HAC72UG.jpg
RGB_https://i.imgur.com/NKOcwWq.jpg
RGB_https://i.imgur.com/RUjGvJE.jpg
RGB_https://i.redd.it/kahgt47regn41.jpg
RGB_https://i.imgur.com/nAqCiVr.jpg
RGB_https://i.imgur.com/QnJzTaR.jpg
RGB_https://i.redd.it/fht036vzvgn41.jpg
RGB_https://i.imgur.com/9steakb.jpg
RGB_https://i.redd.it/5ukh9c3o4hn41.jpg
RGB_https://i.redd.it/4kj9hg77ahn41.jpg
RGB_https://i.redd.it/tczi6m8mfhn41.jpg
RGB_https://i.imgur.com/pkoa1jk.jpg
RGB_https://i.redd.it/imj95cokhin41.jpg
RGB_https://i.redd.it/7ka6t73qhin41.jpg
RGB_https://i.redd.it/t30m8hc1yin41.jpg
RGB_https://i.redd.it/wiofd5snyin41.jpg
RGB_https://i.redd.it/w4n6mgfizin41.jpg
RGB_https://i.redd.it/d3h38diz6kn41.jpg
RGBA_https://i.redd.it/dvi5a498ukn41.png
RGB_https://i.redd.it/bzwp7gv9wkn41.jpg
RGB_https://i.imgur.com/LedYNBX.jpg
RGBA_https://i.redd.it/won9c9h68ln41.png
RGBA_https://i.redd.it/y8ys599b9ln41.png
RGB_https://i.redd.it/49jivafitln41.jpg
RGB_https://i.redd.it/rgzni5lzuln41.jpg
RGB_https://i.redd.it/71f25eksuln41.jpg
RGB_https://i.redd.it/ms5kd405vln41.jpg
RGB_https://i.redd.it/5qgjf7ta1mn41.jpg
RGB_https://i.redd.it/icqxjpy41mn41.jpg
RGB_https://i.redd.it/gcwbycuu1mn41.jpg
RGB_https://i.redd.it/ydczfp1j1mn41.jpg
RGBA_https://i.redd.it/uab4f341emn41.png
RGB_https://i.imgur.com/DFIw6zZ.jpg
RGBA_https://i.redd.it/a5snp8a2bnn41.png
RGBA_https://i.redd.it/qp7v61wdcnn41.png
RGB_https://i.redd.it/rrsen3lmnon41.jpg
RGB_https://i.redd.it/q9bekaiwoon41.jpg
RGB_https://i.redd.it/xf47ht1hpon41.jpg
RGBA_https://i.redd.it/pssax6balpn41.png
RGB_https://i.redd.it/qgvp7tcnopn41.jpg
RGB_https://i.redd.it/d8bkk9r0ppn41.jpg
RGB_https://i.redd.it/wi48pamvzqn41.jpg
RGB_https://i.redd.it/6upzlj8l0rn41.jpg
RGB_https://i.redd.it/8qbwukv51rn41.jpg
RGB_https://i.redd.it/jf6qvv9r1rn41.jpg
RGB_https://i.redd.it/ly1l2u0forn41.png
RGBA_https://i.redd.it/eofvubn9qrn41.png
RGB_https://i.redd.it/xxywgi59wrn41.jpg
RGBA_https://i.redd.it/00vstjqg5sn41.png
RGB_https://i.redd.it/0w5ubd0y6sn41.jpg
RGB_https://i.imgur.com/f8bzdhX.jpg
RGB_https://i.redd.it/ycd78q1basn41.jpg
RGBA_https://i.redd.it/wjz9cp6rgsn41.png
RGB_https://i.redd.it/7cjdk538tsn41.png
RGB_https://i.redd.it/8fb2twnd6tn41.jpg
RGBA_https://i.redd.it/pf0ffm43gtn41.png
RGB_https://i.redd.it/7il5tk0omtn41.jpg
RGB_https://i.redd.it/hqe446aprtn41.jpg
RGB_https://i.redd.it/vgpkeu8gxtn41.png
RGB_https://i.redd.it/0g9vyd0cztn41.png
RGBA_https://i.redd.it/u76u8ypt0un41.png
RGB_https://i.redd.it/ln4e92qo4un41.jpg
RGBA_https://i.redd.it/xjwnvq245un41.png
RGBA_https://i.redd.it/6nosohco6un41.png
RGBA_https://i.redd.it/0oercikp8un41.png
RGBA_https://i.redd.it/cx471hpgaun41.png
RGBA_https://i.redd.it/mu8xon1gdun41.png
RGBA_https://i.redd.it/3tjzhqm5mun41.png
RGB_https://i.redd.it/dnhjo8zipun41.png
RGB_https://i.redd.it/l7zp6edjpun41.png
RGBA_https://i.redd.it/drf4cywvqun41.png
RGBA_https://i.redd.it/cxs1z48prun41.png
RGB_https://i.redd.it/zd3qgj8buun41.png
RGB_https://i.redd.it/hepifktkyun41.png
L_https://i.vgy.me/Qy67t9.png
RGB_https://i.redd.it/4qlby0up0vn41.png
RGB_https://i.redd.it/c8914rpg5vn41.png
RGBA_https://i.redd.it/frfd77eq7vn41.png
RGB_https://i.redd.it/qngghy2javn41.png
RGB_https://i.redd.it/96g7lnudcvn41.jpg
RGB_https://i.redd.it/lod9wsctfvn41.jpg
RGB_https://i.redd.it/e1as66bwivn41.jpg
RGB_https://i.redd.it/ygqm7c3gjvn41.jpg
RGB_https://i.redd.it/wmspa9tcovn41.jpg
RGBA_https://i.redd.it/hneo6g5pown41.png
RGB_https://i.redd.it/cdeoxpkj4xn41.jpg
RGB_https://i.imgur.com/anCNOhA.jpg
RGB_https://i.imgur.com/2EkdZ4B.jpg
RGBA_https://i.redd.it/90vbts88oxn41.png
RGB_https://i.redd.it/uakn7t7znxn41.jpg
RGB_https://i.redd.it/bc0hsxzloxn41.jpg
RGBA_https://i.redd.it/kjw7lwvyzxn41.png
RGB_https://i.imgur.com/2Dgvy8P.jpg
RGBA_https://i.redd.it/y1vtqziz5yn41.png
RGB_https://i.redd.it/wuns8ee6qyn41.png
RGB_https://i.redd.it/ekwppbhfhzn41.png
RGBA_https://i.redd.it/rmmsc803szn41.png
RGB_https://i.redd.it/0ucqyjc3tzn41.png
RGBA_https://i.redd.it/twnff70c20o41.png
RGB_https://i.redd.it/dgzoiv79g0o41.png
RGB_https://i.redd.it/mupstc3xn0o41.jpg
RGB_https://i.redd.it/oog4tqz8o0o41.jpg
RGB_https://i.redd.it/xt6ki0c2o0o41.png
RGB_https://i.redd.it/xaj84b9sp0o41.png
RGB_https://i.redd.it/gg7x69s2r0o41.png
RGBA_https://i.imgur.com/KjvHSsG.jpg
RGBA_https://i.imgur.com/TK3cl5l.jpg
RGB_https://i.redd.it/kl3ciw4zt0o41.jpg
RGBA_https://i.redd.it/ibzlhmdw51o41.png
RGBA_https://i.redd.it/llkpg1s471o41.png
RGB_https://i.redd.it/jzy51v6ud1o41.png
RGB_https://i.redd.it/ryh5niwfe1o41.jpg
RGBA_https://i.redd.it/zzop44d7q1o41.png
RGB_https://i.redd.it/92gjrqacu1o41.jpg
RGB_https://i.imgur.com/KwNYbJs.jpg
RGB_https://i.redd.it/d7iklcsyw1o41.png
RGB_https://i.imgur.com/SEPXfqe.jpg
RGB_https://i.imgur.com/XyHqLrY.jpg
RGBA_https://i.redd.it/re9axslr62o41.png
RGBA_https://i.redd.it/1xr6ugfb82o41.png
RGBA_https://i.redd.it/zrd6mqsa82o41.png
RGB_https://i.redd.it/l9g6z07hf2o41.jpg
RGB_https://i.imgur.com/pYeNXgc.jpg
RGB_https://i.redd.it/51ien4evh2o41.jpg
RGBA_https://i.imgur.com/n90c7YL.png
RGB_https://i.imgur.com/ZkjKHqi.jpg
RGB_https://i.redd.it/qenyana713o41.jpg
RGB_https://i.redd.it/1vxiyp5273o41.jpg
RGB_https://i.redd.it/g81ijnnhc3o41.jpg
RGB_https://i.redd.it/gk9ja9yln4o41.png
RGB_https://i.redd.it/iqzj320fo4o41.jpg
RGB_https://i.redd.it/c3upq01dp4o41.jpg
RGB_https://i.redd.it/mviukat6x4o41.png
RGB_https://i.redd.it/7em6x2he35o41.png
RGBA_https://i.redd.it/ct5v1dqka5o41.png
RGBA_https://i.redd.it/vslz8vatc5o41.png
RGB_https://i.imgur.com/wdCi22S.jpg
RGB_https://i.redd.it/fmo4ytgiz5o41.png
RGBA_https://i.redd.it/2uicnat4a6o41.png
RGB_https://i.imgur.com/kV5FUPU.jpg
RGB_https://i.imgur.com/c87yvIm.jpg
RGB_https://i.redd.it/o1x0t9rgv6o41.png
RGBA_https://i.imgur.com/hmvEUbC.png
RGB_https://i.redd.it/ljovdnog98o41.png
RGB_https://i.imgur.com/lT5uMFl.jpg
RGBA_https://i.redd.it/fp594s6ud8o41.png
RGB_https://i.redd.it/fs9uq7l4o8o41.jpg
RGB_https://i.imgur.com/mZVWVwc.jpg
RGB_https://i.imgur.com/UQNcATj.jpg
RGBA_https://i.redd.it/pv9945v249o41.png
RGB_https://i.redd.it/1uzsy0tth9o41.jpg
RGBA_https://i.redd.it/gcfhq2mun9o41.png
RGB_https://i.imgur.com/NQjeBOj.jpg
RGB_https://i.imgur.com/Q7w1T2D.jpg
RGB_https://i.redd.it/an4003wes9o41.jpg
RGB_https://i.redd.it/2wkepn7xu9o41.jpg
RGB_https://i.redd.it/7j0lxr6q7bo41.jpg
RGB_https://i.redd.it/qnzulnay7bo41.jpg
RGBA_https://i.redd.it/ije2txxzebo41.png
RGBA_https://i.vgy.me/jqE3E5.png
RGB_https://i.redd.it/inf3fgbhcco41.jpg
RGB_https://i.redd.it/2r4mx52ecco41.jpg
RGB_https://i.redd.it/5sj2z7it8do41.jpg
RGBA_https://i.imgur.com/d71pHE1.png
RGBA_https://i.imgur.com/EIBszXS.png
RGBA_https://i.redd.it/k28rhm3mhdo41.png
RGB_https://i.redd.it/e0gepie89eo41.jpg
RGB_https://i.redd.it/tbs0bkolyeo41.jpg
RGB_https://i.redd.it/mck2svyo0fo41.jpg
RGBA_https://i.redd.it/3m5vzdnajfo41.png
RGBA_https://i.redd.it/dyysrnfmlfo41.png
RGB_https://i.imgur.com/uqtF8XN.jpg
RGB_https://i.redd.it/l9fpi493ego41.jpg
RGBA_https://i.imgur.com/9vRbhM9.png
RGBA_https://i.redd.it/pbp109os2io41.png
RGBA_https://i.vgy.me/1Dg497.png
RGB_https://i.redd.it/rk2hdfjpmio41.jpg
RGBA_https://i.imgur.com/wGC1bLt.png
RGB_https://i.redd.it/7j24oq0guio41.jpg
RGB_https://i.redd.it/647q1vnqrjo41.jpg
RGB_https://i.redd.it/2s2syb6orjo41.jpg
RGB_https://i.redd.it/q2hanalkrjo41.jpg
RGB_https://i.redd.it/f4w8f935tjo41.jpg
RGB_https://i.redd.it/zegftcw0tjo41.jpg
RGB_https://i.redd.it/j6wna1j4ujo41.jpg
RGB_https://i.redd.it/g9rsnbuztjo41.jpg
RGB_https://i.redd.it/pn3fcfcutjo41.jpg
RGB_https://i.redd.it/meydig0owjo41.jpg
RGB_https://i.redd.it/gjsw2b7i4ko41.jpg
RGBA_https://i.redd.it/gxnybawe6ko41.png
RGB_https://i.redd.it/3epkwdlktko41.jpg
RGB_https://i.redd.it/eaavhg3puko41.jpg
RGB_https://i.redd.it/72j0fehrhlo41.png
RGB_https://i.redd.it/uv7jm792xlo41.png
RGB_https://i.redd.it/oveooz2c1mo41.png
RGB_https://i.imgur.com/cEZxQ7j.jpg
RGB_https://i.redd.it/d0b5cszh3mo41.png
RGB_https://i.redd.it/nel7yuti5mo41.png
RGB_https://i.redd.it/y1sddfpy9mo41.png
RGB_https://i.redd.it/23d1jw1dgmo41.jpg
RGB_https://i.redd.it/mawqckuqhmo41.jpg
RGB_https://i.imgur.com/k45niJg.jpg
RGBA_https://i.redd.it/k7mbsbi03no41.png
RGB_https://i.redd.it/km2s46tqyno41.jpg
RGB_https://i.redd.it/p7xzfr0o7oo41.jpg
RGBA_https://i.redd.it/rl1ylqvkaoo41.png
RGBA_https://i.redd.it/7asljpozcoo41.png
RGB_https://i.redd.it/akc5mhd1ooo41.jpg
RGB_https://i.redd.it/rf1ot6potoo41.png
RGBA_https://i.redd.it/xd6wuedw5po41.png
RGB_https://i.redd.it/x2mhzmyilpo41.png
RGBA_https://i.redd.it/546tp2pzwqo41.png
RGB_https://i.redd.it/1rsszkrxvro41.jpg
RGB_https://i.redd.it/w2lua78iaso41.png
RGB_https://i.imgur.com/fxFGi91.jpg
RGB_https://i.redd.it/3ld6voytuso41.jpg
RGB_https://i.redd.it/5h61btl7vso41.jpg
RGB_https://i.redd.it/lcsd387svso41.jpg
RGB_https://i.redd.it/lbohxz17xso41.jpg
RGB_https://i.redd.it/tgvzmuix2to41.jpg
RGB_https://i.redd.it/48v24st9hto41.jpg
RGB_https://i.redd.it/glzylowthto41.jpg
RGB_https://i.imgur.com/UCMQN9k.jpg
RGB_https://i.imgur.com/KGbmwKn.jpg
RGB_https://i.redd.it/br96g2xx3uo41.jpg
RGBA_https://i.redd.it/wkn4f3ubkuo41.png
RGBA_https://i.redd.it/h3q1mpccruo41.png
RGB_https://i.redd.it/mo50tmb06vo41.jpg
RGB_https://i.redd.it/v4b5uqll6vo41.png
RGBA_https://i.redd.it/38o1yr79bvo41.png
RGBA_https://i.redd.it/qx862r0advo41.png
RGBA_https://i.redd.it/vwq4xj314wo41.png
RGB_https://i.redd.it/234u152zgwo41.png
RGB_https://i.redd.it/hqidejkojwo41.png
P_https://i.redd.it/kfj8dsyh0yo41.png
RGB_https://i.redd.it/tktnjc6j6yo41.jpg
RGB_https://i.redd.it/c8h85ecf7yo41.jpg
RGB_https://i.redd.it/xhnrub3h8yo41.jpg
RGB_https://i.redd.it/tej3bxme9yo41.png
RGB_https://i.redd.it/7t8avi41iyo41.jpg
RGB_https://i.redd.it/lezvbz1ciyo41.jpg
RGB_https://i.redd.it/qgg74cvsiyo41.jpg
RGB_https://i.redd.it/t4tar3bjmyo41.png
RGB_https://i.redd.it/lxfdxnzbpyo41.jpg
RGB_https://i.redd.it/2yboq6pmvwo41.jpg
RGB_https://i.redd.it/kweny9v4dzo41.png
RGB_https://i.redd.it/wzo8eatmdzo41.png
L_https://i.redd.it/mfgz7tr1zzo41.jpg
RGBA_https://i.redd.it/81c7yr1qf0p41.png
RGB_https://i.redd.it/xz46afrhx0p41.jpg
RGB_https://i.redd.it/rlcr97u7d0p41.jpg
RGBA_https://i.redd.it/xg625b0xt1p41.png
RGB_https://i.imgur.com/e28uGbn.jpg
RGB_https://i.redd.it/tde39p8lw1p41.jpg
RGB_https://i.imgur.com/dtXD2ye.jpg
RGB_https://i.imgur.com/xEMZCte.png
RGB_https://i.imgur.com/Skba28O.png
RGB_https://i.redd.it/56pd5zlii2p41.png
RGB_https://i.redd.it/rvd5ek8jj2p41.png
RGB_https://i.redd.it/3x5virxjv2p41.jpg
RGB_https://i.redd.it/6fqk521333p41.jpg
RGB_https://i.redd.it/8rqmn27n93p41.png
RGB_https://i.redd.it/enbcrzlza3p41.jpg
RGBA_https://i.redd.it/ug4zp2ztt3p41.png
RGB_https://i.redd.it/y3miodgoi4p41.jpg
RGB_https://i.redd.it/dvdw7scaj4p41.jpg
RGB_https://i.redd.it/yimzgt9wk4p41.jpg
RGB_https://i.redd.it/yolzzpnxq4p41.png
RGBA_https://i.redd.it/4wzvtmas65p41.png
RGB_https://i.redd.it/ydi9f6p9b5p41.jpg
RGB_https://i.redd.it/jvq33ue1b5p41.jpg
RGB_https://i.redd.it/r5fotueli5p41.jpg
RGB_https://i.redd.it/vmgtlr4ii5p41.jpg
RGB_https://i.redd.it/3wf5sp0fi5p41.jpg
RGBA_https://i.redd.it/np1p1xrq70p41.png
RGB_https://i.imgur.com/15IawfR.png
RGB_https://i.redd.it/0i1wlnxqi5p41.jpg
RGB_https://i.redd.it/w047c3wfj5p41.jpg
RGB_https://i.redd.it/5dv0vp5dj5p41.jpg
RGBA_https://i.redd.it/z8e4r9odp5p41.png
RGB_https://i.redd.it/8mt7bvl676p41.jpg
RGB_https://i.redd.it/sj2o3xsab6p41.png
RGB_https://i.redd.it/98n2td48y6p41.jpg
RGB_https://i.redd.it/fwj8gwr977p41.jpg
RGB_https://i.redd.it/xk5qumb097p41.jpg
RGB_https://i.redd.it/qt6ijxyl97p41.jpg
RGB_https://i.redd.it/0tkj5j6ha7p41.jpg
RGB_https://i.redd.it/e71th76ya7p41.jpg
RGB_https://i.redd.it/pm99dc1re7p41.jpg
RGB_https://i.redd.it/w9asfnyir7p41.jpg
RGB_https://i.redd.it/jxtvlyzju7p41.jpg
RGBA_https://i.imgur.com/Yq2y7vz.png
RGB_https://i.redd.it/1b4luh1f88p41.jpg
RGB_https://i.redd.it/fq5mux1hc8p41.jpg
RGB_https://i.redd.it/7bgf97vsg8p41.png
RGB_https://i.redd.it/s09nu2iwt8p41.png
RGB_https://i.redd.it/fe7c8yd829p41.jpg
RGBA_https://i.redd.it/nhfvy3bi89p41.png
RGB_https://i.redd.it/6aml5fydd9p41.jpg
RGB_https://i.redd.it/rn73y6e9d9p41.jpg
RGB_https://i.redd.it/27tdou9dg9p41.png
RGBA_https://i.redd.it/cnwa2egtj9p41.png
RGB_https://i.redd.it/vl7v4tvwn9p41.jpg
RGBA_https://i.redd.it/h3ale8mku9p41.png
RGB_https://i.imgur.com/JyYAQBn.jpg
RGBA_https://i.redd.it/flttp99b1bp41.png
RGBA_https://i.redd.it/xd718cz7fbp41.png
RGB_https://i.redd.it/ebu175l0gbp41.png
RGBA_https://i.redd.it/gvw4e4cwxbp41.png
RGB_https://i.redd.it/kzfysi6nxcp41.jpg
RGB_https://i.redd.it/wga00z6qxdp41.jpg
RGB_https://i.redd.it/ch02zg3nxdp41.jpg
RGB_https://i.redd.it/lxw7hwiwxdp41.jpg
RGB_https://i.redd.it/vb7x05lsxdp41.jpg
RGB_https://i.redd.it/m3n8e8aygep41.jpg
RGB_https://i.redd.it/lfvi4alahep41.jpg
RGB_https://i.redd.it/psyp8dkurep41.png
RGBA_https://i.redd.it/2o76u056tep41.png
RGB_https://i.imgur.com/4qR6Efu.jpg
RGB_https://i.imgur.com/6pqBxZl.jpg
RGB_https://i.imgur.com/X8kwrmv.jpg
RGB_https://i.redd.it/d3gwgvajbfp41.jpg
RGB_https://i.imgur.com/S8tolfy.jpg
RGB_https://i.redd.it/wjbnr80tkfp41.jpg
RGB_https://i.redd.it/bs5ys304mfp41.jpg
RGB_https://i.imgur.com/OP5dzFc.jpg
RGB_https://i.imgur.com/78giELq.jpg
RGB_https://i.imgur.com/UdjGFLC.jpg
RGB_https://i.imgur.com/QVF1Mk4.jpg
RGB_https://i.imgur.com/F5IvqLg.jpg
RGB_https://i.imgur.com/IlDDz22.jpg
RGB_https://i.redd.it/8q75jeiitfp41.jpg
RGB_https://i.imgur.com/SXalema.jpg
RGB_https://i.imgur.com/wQpbHuG.jpg
RGB_https://i.imgur.com/IrApItE.jpg
RGB_https://i.imgur.com/sesizL8.jpg
RGB_https://i.imgur.com/z4VfyDJ.jpg
RGB_https://i.redd.it/3h5k1txh7gp41.jpg
RGB_https://i.redd.it/dzcwte3bsgp41.jpg
RGB_https://i.imgur.com/9EkNg4T.jpg
RGB_https://i.redd.it/ont20kbqbhp41.jpg
RGB_https://i.redd.it/ldw63flrlhp41.png
RGB_https://i.redd.it/fwaxsbikqhp41.png
RGBA_https://i.redd.it/pfzeo7lh8ip41.png
RGBA_https://i.vgy.me/QOQzrT.png
RGBA_https://i.redd.it/khpnmb92nip41.png
RGB_https://i.redd.it/8vddhmkpxip41.png
RGB_https://i.redd.it/w7v7n34w4jp41.jpg
RGB_https://i.redd.it/o5wb5zodhjp41.jpg
RGBA_https://i.redd.it/cxmkcnkypjp41.png
RGB_https://i.redd.it/pj912z5erjp41.jpg
RGB_https://i.redd.it/31gdzaf9sjp41.png
RGB_https://i.redd.it/28iemxylxjp41.png
RGB_https://i.redd.it/xo8qrrf20kp41.png
RGB_/tmp/Jellyfish moon.png
RGBA_https://i.imgur.com/8qBBlMB.png
RGB_https://i.imgur.com/5GFJwjQ.png
RGB_https://i.redd.it/91y453v8gkp41.jpg
RGB_https://i.redd.it/l89abx55okp41.jpg
RGB_https://i.redd.it/j8fsrbd1okp41.jpg
RGB_https://i.redd.it/y19uob4ynkp41.jpg
RGB_https://i.redd.it/16qn3f4unkp41.jpg
RGB_https://i.redd.it/22fkk57iokp41.jpg
RGB_https://i.redd.it/pfe9aipeokp41.jpg
RGB_https://i.redd.it/2ayxw0t9okp41.jpg
RGB_https://i.redd.it/ojbxwx6zokp41.jpg
RGB_https://i.imgur.com/Jp82BYE.jpg
RGBA_https://i.redd.it/itpdr1920lp41.png
RGBA_https://i.redd.it/4xd858910lp41.png
RGB_https://i.imgur.com/3BBd7zU.jpg
RGBA_https://i.redd.it/o920z3cq0lp41.png
RGBA_https://i.redd.it/8ecij06j1lp41.png
RGBA_https://i.redd.it/9c0foj962lp41.png
RGBA_https://i.redd.it/ymo9vymv1lp41.png
RGBA_https://i.redd.it/m0s5grc13lp41.png
RGBA_https://i.redd.it/svr8y1hq3lp41.png
RGBA_https://i.redd.it/k5vliez14lp41.png
RGBA_https://i.redd.it/obhz8kud4lp41.png
RGB_https://i.redd.it/vbkqjqzt4lp41.jpg
RGBA_https://i.redd.it/kg0kvpqr4lp41.png
RGB_https://i.redd.it/d46e9h30alp41.png
RGB_https://i.redd.it/j38k753fhlp41.png
RGB_https://i.redd.it/w5smbie1qlp41.jpg
RGBA_https://i.redd.it/5nm83wr75mp41.png
RGBA_https://i.redd.it/4xbtevfj6mp41.png
RGB_https://i.imgur.com/A2frT8A.jpg
RGB_https://i.imgur.com/jPI6KlT.jpg
RGB_https://i.redd.it/68rtkkhqnnp41.jpg
RGB_https://i.redd.it/b4zfsh9gnnp41.jpg
RGB_https://i.imgur.com/cNtfriq.jpg
RGB_https://i.redd.it/gc5ux464dnp41.jpg
RGBA_https://i.imgur.com/NKDHq0c.jpg
RGBA_https://i.redd.it/us9y3566vmp41.png
RGB_https://i.imgur.com/GFOVSne.jpg
RGBA_https://i.redd.it/tmhaub9ntmp41.png
RGB_https://i.redd.it/n26cpi82tmp41.png
RGBA_https://i.redd.it/vl7ixav9rmp41.png
RGBA_https://i.redd.it/lnlt1vgfpmp41.png
RGB_https://i.imgur.com/8IeOn9j.jpg
RGB_https://i.imgur.com/ercbXNG.jpg
RGB_https://i.imgur.com/dhSho99.jpg
P_https://i.redd.it/5bbm442kfop41.png
RGB_https://i.redd.it/xowgp55qkop41.jpg
RGB_https://i.redd.it/7m4jrm5eoop41.jpg
RGB_https://i.redd.it/fu4lefxcoop41.jpg
RGBA_https://i.redd.it/x6el5uhhpop41.png
RGBA_https://i.redd.it/9ormgnj0pop41.png
RGB_https://i.redd.it/fexzi8dssop41.jpg
RGB_https://i.imgur.com/a4dsa9S.jpg
RGBA_https://i.redd.it/mzhai5i8fpp41.png
RGB_https://i.imgur.com/G1qPSck.jpg
RGBA_https://i.imgur.com/0SKGe58.png
RGBA_https://i.imgur.com/Sc4hUdf.jpg
RGB_https://i.imgur.com/APKSfZ8.jpg
RGB_https://i.imgur.com/2x8xxxn.jpg
RGBA_https://i.redd.it/hkd9p3obrqp41.png
RGB_https://i.redd.it/305xljuvrqp41.jpg
RGB_https://i.redd.it/be0ge934sqp41.jpg
RGB_https://i.redd.it/e0m0hm6zrqp41.jpg
RGB_https://i.redd.it/zabc71thsqp41.jpg
RGB_https://i.redd.it/w83ijg1fsqp41.jpg
RGB_https://i.redd.it/ytfmq9cbsqp41.jpg
RGB_https://i.imgur.com/pCpCNc5.jpg
RGBA_https://i.redd.it/ccpumm3i7rp41.png
RGBA_https://i.redd.it/2ddr8mrd8rp41.png
RGBA_https://i.redd.it/naj4dz199rp41.png
RGBA_https://i.redd.it/qu8qi49u8rp41.png
RGBA_https://i.redd.it/khqtyhpq9rp41.png
RGBA_https://i.imgur.com/xuDH2DC.jpg
RGB_https://i.redd.it/0ql1avi26sp41.jpg
RGB_https://i.imgur.com/xTUg3l2.jpg
RGB_https://i.redd.it/hlo3jdaf6sp41.jpg
RGB_https://i.redd.it/vehc42j37sp41.jpg
RGB_https://i.redd.it/dmajkjmr6sp41.jpg
RGBA_https://i.redd.it/qzmp2jn17sp41.png
RGB_https://i.redd.it/6u7ffwma8sp41.jpg
RGB_https://i.redd.it/w0z1gsi59sp41.jpg
RGB_https://i.imgur.com/5dbmkiM.jpg
RGB_https://i.redd.it/szkf02p4fsp41.jpg
RGB_https://i.redd.it/58ldwnu9ksp41.jpg
RGB_https://i.redd.it/g4fhkk31osp41.jpg
RGB_https://i.redd.it/ffmfwive6tp41.jpg
RGB_https://i.redd.it/y59tqw7gftp41.jpg
RGB_https://i.redd.it/79hijmimhtp41.jpg
RGB_https://i.redd.it/qkxkrj22itp41.jpg
RGB_https://i.imgur.com/zpGa86J.jpg
RGB_https://i.redd.it/ktc7pprhntp41.jpg
RGB_https://i.redd.it/gvyvz5o4utp41.jpg
RGB_https://i.redd.it/d2hdjlkswtp41.jpg
RGB_https://i.imgur.com/SczMXrZ.png
RGB_https://i.imgur.com/Q4YMy5L.png
RGB_https://i.imgur.com/wxnTPr5.png
RGB_https://i.imgur.com/K5WxNwR.jpg
RGB_https://i.imgur.com/boeSgvA.jpg
RGBA_https://i.redd.it/8hfc90c7hup41.png
RGB_https://i.imgur.com/2p1Yija.jpg
RGB_https://i.imgur.com/D9tDb1S.jpg
RGB_https://i.imgur.com/yIfav2D.jpg
RGB_https://i.redd.it/kc3oroeswup41.jpg
RGB_https://i.imgur.com/wnKUvbt.jpg
RGBA_https://i.redd.it/d2y9lgtr0vp41.png
RGB_https://i.redd.it/e4yvcx421vp41.jpg
RGB_https://i.redd.it/p9cjn6shgvp41.jpg
RGBA_https://i.vgy.me/MfYMPe.png
RGB_https://i.redd.it/ylo0g5immvp41.jpg
RGB_https://i.redd.it/dqpi0gjrnvp41.jpg
RGB_https://i.redd.it/yl2om6xs1wp41.jpg
L_https://i.redd.it/5ass23389wp41.png
RGB_https://i.redd.it/jgab2kmndwp41.jpg
RGB_https://i.redd.it/5rrh1isigwp41.jpg
L_https://i.redd.it/6vfkvps9gwp41.jpg
RGBA_https://i.imgur.com/Kfx8nHF.png
RGB_https://i.imgur.com/RKnGAhw.jpg
RGBA_https://i.redd.it/tyg9fbsixwp41.png
RGB_https://i.redd.it/rpq4bq09xwp41.jpg
RGB_https://i.redd.it/1k6tbx5kywp41.jpg
RGBA_https://i.redd.it/l79e8rxg0xp41.png
RGB_https://i.imgur.com/qijT2Cb.jpg
RGB_https://i.redd.it/zxgkh7oc6xp41.jpg
RGB_https://i.redd.it/dz9a92gkkxp41.jpg
RGB_https://i.redd.it/o57by92hkxp41.jpg
RGB_https://i.redd.it/6siqd9di1yp41.jpg
RGB_/tmp/G7o0Oaw.jpg
RGB_https://i.redd.it/ukfdy02y7yp41.png
RGBA_https://i.redd.it/ck9hs1uwpyp41.png
RGB_https://i.redd.it/v2rpytu6yyp41.jpg
RGB_https://i.redd.it/rpwchyjf1zp41.jpg
RGB_https://i.redd.it/9op7oo6gazp41.jpg
RGB_https://i.imgur.com/StLAfTh.jpg
RGB_https://i.redd.it/autbazumazp41.jpg
RGBA_https://i.redd.it/xhzmvljsuzp41.png
RGB_https://i.redd.it/6a1n7vjw80q41.jpg
RGB_https://i.redd.it/kk2klhm890q41.jpg
RGB_https://i.redd.it/q14so3ds90q41.jpg
RGB_https://i.redd.it/m0i5p6ul90q41.jpg
RGB_https://i.redd.it/dbza6zq2a0q41.jpg
RGB_https://i.redd.it/8egka157b0q41.jpg
RGB_https://i.redd.it/c7jbadvlb0q41.jpg
RGB_https://i.redd.it/5eqeou2gc0q41.jpg
RGB_https://i.redd.it/1goaw0urd0q41.jpg
RGB_https://i.redd.it/vt6neq95l0q41.jpg
RGB_https://i.imgur.com/ZAxYyRS.jpg
RGBA_https://i.redd.it/8smnwool9wp41.png
RGB_https://i.redd.it/kiq9jags51q41.jpg
RGB_https://i.imgur.com/azG066u.jpg
RGB_https://i.imgur.com/xxTXpa2.jpg
RGB_https://i.redd.it/681f3uomd1q41.png
RGB_https://i.redd.it/r9ohz189h1q41.jpg
RGB_https://i.redd.it/rjo10gfxh1q41.jpg
RGB_https://i.redd.it/b5r3ns2li1q41.jpg
RGB_https://i.redd.it/5hvthb5ej1q41.jpg
RGB_https://i.redd.it/skfygua572q41.jpg
RGB_https://i.redd.it/lsz6qghz82q41.jpg
RGB_https://i.redd.it/r7ybaiffc2q41.jpg
RGB_https://i.redd.it/ijl3shjec2q41.jpg
RGB_https://i.redd.it/2qsw6tfoc2q41.jpg
RGB_https://i.redd.it/8gi78uspf2q41.png
RGB_https://i.redd.it/t5if2onhk2q41.jpg
RGB_https://i.redd.it/y37jzjugk2q41.jpg
RGBA_https://i.redd.it/9yggv30kt2q41.png
RGB_https://i.redd.it/gotmif68k3q41.jpg
RGB_https://i.redd.it/y6vuk35bo3q41.jpg
RGB_https://i.redd.it/tiduso1y24q41.jpg
RGBA_https://i.imgur.com/MlLSPQD.png
L_https://i.redd.it/xp8gfz9um4q41.png
RGBA_https://i.redd.it/7trlvo31y4q41.png
RGB_https://i.redd.it/woe5nj6f05q41.jpg
RGB_https://i.redd.it/ivj5x01b05q41.jpg
RGB_https://i.redd.it/73kyyqwl05q41.jpg
RGB_https://i.redd.it/zxy7j7dg35q41.jpg
RGB_https://i.imgur.com/xI5fsd0.jpg
RGBA_https://i.redd.it/h7vpbl8nb5q41.png
RGB_https://i.redd.it/p75meipyc5q41.png
RGB_https://i.redd.it/8g2y7qbhg5q41.jpg
RGB_https://i.imgur.com/xqivXu0.jpg
RGBA_https://i.imgur.com/HR6ByHx.jpg
RGB_https://i.imgur.com/HT4szYF.jpg
RGB_https://i.redd.it/576usybll6q41.jpg
RGB_https://i.redd.it/ophrc21ul6q41.png
RGB_https://i.redd.it/65kjcw9fm6q41.jpg
RGB_https://i.redd.it/gw14c057n6q41.jpg
RGB_https://i.redd.it/75tcslsrr6q41.jpg
RGBA_https://i.redd.it/089wrx63s6q41.png
RGBA_https://i.redd.it/84yb60bnv6q41.png
RGB_https://i.redd.it/9koum553x6q41.jpg
RGB_https://i.redd.it/5is6ux2xw6q41.jpg
RGB_https://i.redd.it/v3igbqy7x6q41.jpg
RGB_https://i.imgur.com/qbuSyl2.jpg
RGB_https://i.redd.it/ocxjfgoy93q41.jpg
RGBA_https://i.redd.it/nktfxy2us7q41.png
RGBA_https://i.redd.it/ajmuiv2pa8q41.png
RGBA_https://i.redd.it/xq3mf66ud8q41.png
RGB_https://i.redd.it/mi5tx1tfh8q41.jpg
RGB_https://i.redd.it/z9ndu2sch8q41.jpg
RGB_https://i.redd.it/mjal7ceos8q41.jpg
RGBA_https://images2.imgbox.com/e4/8f/ntvKQb3x_o.png
RGB_https://i.redd.it/gr1sifvg59q41.jpg
RGBA_https://i.redd.it/o5cgvbnuh9q41.png
RGBA_https://i.redd.it/p04d6y1gm9q41.png
RGBA_https://i.redd.it/rc81ixfem9q41.png
RGBA_https://i.redd.it/fafwhfrfhaq41.png
RGBA_https://i.redd.it/8vtozqyjmaq41.png
RGB_https://i.redd.it/fvbuwnyzwaq41.jpg
RGB_https://i.redd.it/92v9s4xexaq41.jpg
RGB_https://i.redd.it/1d20fyobyaq41.jpg
RGB_https://i.redd.it/l0qtc7t32bq41.jpg
RGBA_https://i.redd.it/r7tl0qiy2bq41.png
RGBA_https://i.redd.it/nhduijqyjbq41.png
RGB_https://i.redd.it/ur3yx996wbq41.jpg
RGB_https://i.imgur.com/N6P6xIA.jpg
RGB_https://i.redd.it/avv8bnem4cq41.jpg
RGB_https://i.redd.it/ni53xhj79cq41.jpg
RGBA_https://i.redd.it/kgzm8akxtcq41.png
RGB_https://i.redd.it/iur506b2ycq41.jpg
RGB_https://i.redd.it/wmbhbxxbcdq41.jpg
RGB_https://i.redd.it/zn7ysfm9cdq41.jpg
RGB_https://i.redd.it/fnbxvb40ddq41.png
RGB_https://i.imgur.com/qd8Y3un.jpg
RGB_https://i.imgur.com/9IWmruy.jpg
RGB_https://i.redd.it/9rk07ukgndq41.jpg
RGB_https://i.redd.it/tr2kod2sndq41.jpg
RGB_https://i.redd.it/lnmespp7sdq41.jpg
RGB_https://i.redd.it/1p57cvwwsdq41.jpg
RGB_https://i.redd.it/m2xg5ongsdq41.jpg
RGB_https://i.redd.it/9vt2fqt9tdq41.jpg
RGB_https://i.redd.it/j83tlg1htdq41.jpg
RGBA_https://i.redd.it/xfefqkhywdq41.png
RGB_https://i.redd.it/rtvbajhtxdq41.png
RGB_https://i.redd.it/pdz3mn781eq41.jpg
RGB_https://i.redd.it/jbpqqt1t3eq41.jpg
RGB_https://i.redd.it/vnpl2tc5feq41.jpg
RGB_https://i.redd.it/dlg3fokdheq41.jpg
RGBA_https://i.redd.it/uelzxelvpeq41.png
RGB_https://i.redd.it/3a4ur1ghreq41.jpg
RGB_https://i.imgur.com/GBsNvMF.jpg
RGBA_https://i.redd.it/y3z2tt7rxeq41.png
RGB_https://i.imgur.com/WZljYjm.jpg
RGB_https://i.imgur.com/GSPESsm.jpg
RGB_https://i.imgur.com/E6uGOCe.jpg
RGB_https://i.imgur.com/FJgyFL3.jpg
RGBA_https://i.redd.it/pjpltqzumfq41.png
RGBA_https://i.imgur.com/VcSXiXf.png
RGBA_https://i.redd.it/yb1fdzhp1gq41.png
RGB_https://i.imgur.com/9vj7V1Y.png
RGBA_https://i.redd.it/aicyeobe9hq41.png
RGB_https://i.redd.it/jde73nkwbhq41.jpg
RGB_https://i.redd.it/cmdt21bgchq41.jpg
RGB_https://i.redd.it/8ae8jtrq5iq41.jpg
RGB_https://i.redd.it/ujxoalqq7iq41.jpg
RGBA_https://i.redd.it/w1yihq42diq41.png
RGBA_https://i.redd.it/icoli6d2niq41.png
RGB_https://i.redd.it/d04364ojnjq41.jpg
RGB_https://i.redd.it/2btyxt3aojq41.jpg
RGB_https://i.redd.it/m4txug7wbkq41.jpg
RGB_/tmp/vvsu4uxlyhq41.jpg
RGBA_https://i.imgur.com/iNZEUyD.png
RGBA_https://i.redd.it/67o71syqukq41.png
RGBA_https://i.imgur.com/mBRM2lk.png
RGB_https://i.redd.it/svysyc8jklq41.jpg
RGB_https://i.imgur.com/ptQngyY.jpg
RGB_https://i.imgur.com/x5bJ16T.jpg
RGB_https://i.imgur.com/acee9Hr.jpg
RGB_https://i.imgur.com/0tXnHIJ.jpg
RGB_https://i.imgur.com/aluajT6.jpg
RGBA_https://i.redd.it/coq5rrowanq41.png
RGBA_https://i.redd.it/zgsoxd5lenq41.png
RGB_https://i.redd.it/k2se8zknlnq41.png
RGB_https://i.redd.it/sg1sjy5ndpq41.jpg
RGB_https://i.redd.it/5omx050pepq41.jpg
RGB_https://i.redd.it/i8zpmn4copq41.jpg
RGB_https://i.redd.it/my4unaxuopq41.jpg
RGB_https://i.redd.it/kcqhqzo8qpq41.jpg
RGB_https://i.redd.it/5j1sev0bqpq41.jpg
RGBA_https://i.redd.it/aiocd4hetpq41.png
RGBA_https://i.vgy.me/v3hEMc.png
RGB_https://i.redd.it/95v9mqdfvpq41.png
RGB_https://i.redd.it/wcgci873vpq41.png
RGB_https://i.redd.it/znvm10vuvpq41.png
RGB_https://i.redd.it/f7mv7n8tvpq41.png
RGB_https://i.redd.it/860nb5irvpq41.png
RGB_https://i.redd.it/fxjh1ympvpq41.png
RGB_https://i.redd.it/chne34m7wpq41.png
RGBA_https://i.redd.it/67jsbay1wpq41.png
RGB_https://i.redd.it/2bq7wr31wpq41.png
RGB_https://i.redd.it/uivioyp6xpq41.png
RGB_https://i.redd.it/144nupn5xpq41.png
RGB_https://i.redd.it/bqdim6y4xpq41.png
RGB_https://i.redd.it/yhnb9pw3xpq41.png
RGB_https://i.redd.it/r9bt5gm2xpq41.png
RGB_https://i.redd.it/ottrlsy1xpq41.png
RGB_https://i.redd.it/yd5owflrwpq41.png
RGB_https://i.redd.it/ku074k09xpq41.png
RGB_https://i.redd.it/25ciohd7xpq41.png
RGB_https://i.redd.it/p87u1xji3qq41.jpg
RGBA_https://i.redd.it/rn93qcq8bqq41.png
RGBA_https://i.redd.it/nf52to6ffqq41.png
RGB_https://i.redd.it/77t3pv22hqq41.jpg
RGB_https://i.redd.it/13iza7a8mqq41.jpg
RGBA_https://i.redd.it/u7zynwy9tqq41.png
RGB_https://i.redd.it/5tob8o7ptqq41.png
RGB_https://i.imgur.com/tvd5ItN.png
RGB_https://i.redd.it/xw8rswtyrrq41.jpg
RGB_https://i.imgur.com/oE6QFKD.png
RGB_https://i.imgur.com/bIjjrno.jpg
RGBA_https://i.redd.it/mogmband2sq41.png
RGB_https://i.redd.it/rzu3qk4kcsq41.jpg
RGB_https://i.redd.it/q0c9wj3kmsq41.jpg
RGB_https://i.redd.it/2wlwn3ltnsq41.jpg
RGB_https://i.redd.it/zl27yo7oosq41.jpg
RGBA_https://i.redd.it/yqiqfwsbssq41.png
RGB_https://i.redd.it/g0h2b4g9hqq41.jpg
RGBA_https://i.redd.it/tbjms8xyvsq41.png
RGB_https://i.redd.it/5jlr8vtv5tq41.jpg
RGB_https://i.imgur.com/ZAP2kD6.jpg
RGB_https://i.imgur.com/eaob0Xy.jpg
RGB_https://i.imgur.com/OCyZdHe.jpg
RGB_https://i.redd.it/u2afg5uk7tq41.png
RGB_https://i.redd.it/skrss9zo9tq41.png
RGB_https://i.redd.it/d8x8zevpctq41.png
RGB_https://i.redd.it/l6c80vhpctq41.png
RGBA_https://i.redd.it/d5zuvl0pctq41.png
RGBA_https://i.redd.it/rmtn6xs3etq41.png
RGBA_https://i.redd.it/rmgs9zynnrq41.png
RGBA_https://i.redd.it/wby6ddszmuq41.png
RGBA_https://i.redd.it/bri8gvcsmuq41.png
RGBA_https://images2.imgbox.com/40/99/Avf5oOfx_o.png
RGBA_https://i.redd.it/hphnme38nuq41.png
RGB_https://images2.imgbox.com/2c/d2/eewDVNmV_o.png
RGBA_https://i.redd.it/echpr67gtuq41.png
RGB_https://i.redd.it/nbbuq5v7tuq41.jpg
RGBA_https://i.redd.it/0kedmtixtuq41.png
RGBA_https://i.vgy.me/MgLuXN.png
RGBA_https://i.redd.it/336udg4ctvq41.png
RGB_https://i.redd.it/cw24tfea7wq41.jpg
RGBA_https://i.redd.it/ti02mqmwgwq41.png
RGBA_https://i.redd.it/vwwiyuw72xq41.png
RGB_https://i.redd.it/qqf3eynx8xq41.jpg
RGB_https://i.redd.it/dqrin3ekmxq41.jpg
RGB_https://i.redd.it/ghu8y75wmxq41.jpg
RGB_https://i.redd.it/al4mj74qmxq41.jpg
RGB_https://i.redd.it/imapvclnmxq41.jpg
RGB_https://i.redd.it/y9pdfu02nxq41.jpg
RGB_https://i.redd.it/np1ozhtutxq41.jpg
RGB_https://i.imgur.com/fUjH5g1.jpg
RGB_https://i.imgur.com/PFx225T.jpg
RGB_https://i.redd.it/almvad1hfyq41.png
RGB_https://i.redd.it/foz1013tfyq41.png
RGBA_https://i.redd.it/db4iwmf8ryq41.png
RGBA_https://i.redd.it/c1pmuvezqyq41.png
RGBA_https://i.imgur.com/cznB4fa.png
RGB_https://i.redd.it/gt3k2y218zq41.jpg
RGB_https://i.redd.it/yvgn68m08zq41.jpg
RGB_https://i.redd.it/l7heosuehzq41.jpg
RGB_https://i.redd.it/v1n7wg6r31r41.jpg
RGB_https://i.redd.it/4spwyabf21r41.png
RGBA_https://i.redd.it/trxxq2m6w0r41.png
RGB_https://i.redd.it/6fxp8ammu0r41.jpg
RGBA_https://i.redd.it/3e3q7bwa31r41.png
RGBA_https://i.redd.it/6izedmfha1r41.png
RGBA_https://i.redd.it/u45gyoh1s1r41.png
RGBA_https://i.redd.it/g12uyvc9s1r41.png
RGB_https://i.redd.it/mezs3zm2z1r41.png
RGB_https://i.redd.it/yt44auff12r41.jpg
RGB_https://i.imgur.com/bDqq8NH.jpg
RGB_https://i.imgur.com/6MGcpPN.jpg
RGBA_https://i.redd.it/wiic6ytoc2r41.png
RGBA_https://i1.lensdump.com/i/j60gyK.png
RGB_https://i.redd.it/kejvt5tuj2r41.jpg
RGB_https://i.redd.it/139uvtnub3r41.png
RGB_https://i.redd.it/u62jpzz0d3r41.jpg
RGB_https://i.redd.it/f4jvkps8e3r41.jpg
RGB_https://i.redd.it/vwtrf3x4o3r41.jpg
RGBA_https://i.redd.it/vxygx8ceu3r41.png
RGB_https://i.redd.it/hy5o3odpu3r41.jpg
RGBA_https://i.redd.it/mftdpc6s74r41.png
RGBA_https://i.redd.it/qnjqnley84r41.png
RGB_https://i.redd.it/t4bqw54gb4r41.jpg
RGB_https://i.redd.it/px4swqq5l4r41.jpg
RGB_https://i.redd.it/hfn0xdezm4r41.jpg
RGB_https://i.redd.it/nh3all6vq4r41.png
RGBA_https://i.redd.it/s34jlp1es4r41.png
RGBA_https://i.redd.it/tt08kytsm5r41.png
RGB_https://i.redd.it/p5cz5wwvw5r41.jpg
RGBA_https://i.redd.it/pgwlk97u26r41.png
RGB_https://i.redd.it/vqbxw7ti76r41.jpg
RGB_https://i.redd.it/rzeqrb5786r41.jpg
RGB_https://i.redd.it/e1w4ajj0o6r41.jpg
RGB_https://i.redd.it/j66mmzueq6r41.jpg
RGBA_https://i.redd.it/etdp0kjqt6r41.png
RGB_https://i.imgur.com/oyuSFsj.jpg
RGBA_https://i.redd.it/mlgjb36px6r41.png
RGBA_https://i.redd.it/1n1dfsdo17r41.png
RGBA_https://i.redd.it/irnidr9777r41.png
RGB_https://i.imgur.com/lycpA42.png
RGB_https://i.imgur.com/lycpA42.png
RGB_https://i.imgur.com/ypmyMRP.jpg
RGBA_https://i.imgur.com/bAOsrlS.png
RGB_https://i.redd.it/ai7tyiypk7r41.jpg
RGB_https://i.redd.it/dlt2ds7gv7r41.jpg
RGBA_https://i.redd.it/hxyj4i2878r41.png
RGBA_https://i.redd.it/549y6jw578r41.png
RGBA_https://i.redd.it/dj62hu0wc8r41.png
RGBA_https://i.redd.it/23myhro4m8r41.png
RGB_https://i.redd.it/0rc0r3pes8r41.jpg
RGBA_https://i.redd.it/oxj2qd6d19r41.png
RGBA_https://i.redd.it/j1kutsyq19r41.png
RGBA_https://i.redd.it/a70oo09j29r41.png
RGBA_https://i.redd.it/603yxabb29r41.png
RGB_https://i.redd.it/nncwbbd839r41.jpg
RGB_https://i.redd.it/peuzkkuh39r41.jpg
RGBA_https://i.redd.it/8j546kir49r41.png
RGB_https://i.redd.it/lbffoz5189r41.png
RGB_https://i.redd.it/gzxaw7gtm9r41.jpg
RGB_https://i.imgur.com/7jd5mON.jpg
RGB_https://i.redd.it/tnzo0bzi8ar41.jpg
RGB_https://i.redd.it/ncuydhptdar41.jpg
RGBA_https://i.imgur.com/O3w3QCz.png
RGB_https://i.redd.it/wggj76awear41.jpg
RGBA_https://i.redd.it/e83xoi2xvar41.png
RGBA_https://i.redd.it/oloju0debbr41.png
RGB_https://i.redd.it/j0iuw6mkhbr41.jpg
RGBA_https://i.redd.it/lckftj8b5cr41.png
RGB_https://i.redd.it/mt2bn710mcr41.png
RGBA_https://i.redd.it/bmsmvpix2dr41.png
RGB_https://i.imgur.com/vm7xqZr.jpg
RGBA_https://i.redd.it/vzt5tzp9kdr41.png
RGB_https://i.redd.it/0i8iimd3qdr41.jpg
RGB_https://i.redd.it/ele1skbspdr41.jpg
RGB_https://i.redd.it/yhqblpcjqdr41.jpg
RGB_https://i.redd.it/9gj9qoeaqdr41.jpg
RGB_https://i.redd.it/xt3t4je6qdr41.jpg
RGB_https://i.redd.it/jecs3edlqdr41.jpg
RGB_https://i.redd.it/eh4z1vlvtdr41.png
RGBA_https://i.redd.it/qgpen6a1vdr41.png
RGBA_https://i.redd.it/1zymyg3cwdr41.png
RGB_https://i.redd.it/6svgl2n4ver41.png
RGBA_https://i.redd.it/cx2wzwq03fr41.png
RGB_https://i.redd.it/fe6udahrdfr41.jpg
RGBA_https://i.redd.it/xchgp6iigfr41.png
RGB_https://i.redd.it/56esphmktfr41.jpg
RGBA_https://i.redd.it/5wvs2htevfr41.png
RGBA_https://i.redd.it/bx7oiuryzfr41.png
RGBA_https://i.redd.it/9fv7pd54igr41.png
RGBA_https://i.redd.it/6l7z5ig6wgr41.png
RGB_https://i.imgur.com/yNSw6rc.jpg
RGB_https://i.imgur.com/2iDIJFH.jpg
RGBA_https://i.redd.it/w0g42gvj6ir41.png
RGBA_https://i.redd.it/kr32kbfm7ir41.png
RGBA_https://i.redd.it/m69ao27neir41.png
RGBA_https://i.redd.it/57at6vfkiir41.png
RGBA_https://i.redd.it/50u6l3sciir41.png
RGBA_https://i.redd.it/jtqry1dznir41.png
RGB_https://i.redd.it/xlpsx5sskxu31.png
RGBA_https://i.redd.it/bywv2nwzpir41.png
RGBA_https://i.redd.it/jlwyeqg2wir41.png
RGBA_https://i.redd.it/ljh2xs5d4jr41.png
RGBA_https://i.redd.it/8okk764a5jr41.png
RGB_https://i.imgur.com/HdMfOZ7.jpg
RGBA_https://i.redd.it/mq20eabhjjr41.png
RGBA_https://i.redd.it/z64f0h7nmjr41.png
RGBA_https://i.redd.it/q1d1cithvjr41.png
RGB_https://i.redd.it/xfjz1wiawjr41.png
RGB_https://i.redd.it/yig2elgn0kr41.png
RGB_https://i.redd.it/9p0zqmw21kr41.jpg
RGB_https://i.redd.it/94bpowpy2kr41.jpg
RGB_https://i.redd.it/p8l47ewv2kr41.jpg
RGB_https://i.redd.it/bkww80yb3kr41.jpg
RGB_https://i.redd.it/khgefy823kr41.jpg
RGB_https://i.redd.it/38ve00yj3kr41.jpg
RGB_https://i.redd.it/nhd0us3b4kr41.jpg
RGB_https://i.redd.it/76fzdru64kr41.jpg
RGB_https://i.redd.it/dwck7u334kr41.jpg
RGB_https://i.redd.it/bxa6920x3kr41.jpg
RGB_https://i.redd.it/gtt7x4zo4kr41.jpg
RGB_https://i.redd.it/vx8vuyni4kr41.png
RGB_https://i.redd.it/j7hiigxe4kr41.jpg
RGB_https://i.redd.it/v2r6lvwv7kr41.jpg
RGB_https://i.redd.it/aexo81ab8kr41.jpg
RGB_https://i.redd.it/ix2hyarg9kr41.jpg
RGB_https://i.redd.it/f7kbrgpcakr41.jpg
RGB_https://i.redd.it/aoe54s4pakr41.jpg
RGB_https://i.redd.it/319ee6phckr41.jpg
RGB_https://i.imgur.com/tH9DLu8.jpg
RGB_https://i.redd.it/pm3e696xukr41.jpg
RGBA_https://i.redd.it/40mz43tuvkr41.png
RGB_https://i.redd.it/9c3nys2wxkr41.png
RGB_https://i.redd.it/xba23elh1lr41.jpg
RGB_https://i.redd.it/e4wu06ra1lr41.jpg
RGB_https://i.redd.it/pj1yvbzt1lr41.jpg
RGB_https://i.redd.it/pyl4a0v32lr41.jpg
RGB_https://i.redd.it/9kvaw07l6lr41.png
RGB_https://i.redd.it/te78x4ho7lr41.png
RGBA_https://i.redd.it/kdgthahkelr41.png
RGB_https://i.redd.it/insjyzq9flr41.jpg
RGB_https://i.redd.it/2tajppnsflr41.jpg
RGB_https://i.redd.it/q4azfg3mnlr41.jpg
RGB_https://i.redd.it/6sgb2cy3olr41.jpg
RGBA_https://i.redd.it/pc62b1wnolr41.png
RGB_https://i.redd.it/hoeq9h4hrlr41.jpg
RGB_https://i.redd.it/jxyl8rphslr41.jpg
RGB_https://i.redd.it/lrx0nksztlr41.png
RGB_https://i.redd.it/eu486ni10mr41.jpg
RGB_https://i.redd.it/9hn8mv5v1mr41.png
RGB_https://i.redd.it/7255breu4mr41.png
RGB_https://i.imgur.com/SxSf4ey.jpg
RGBA_https://i.imgur.com/bSE8Hx2.png
RGBA_https://i.redd.it/xjs4212pdmr41.png
RGBA_https://i.redd.it/nzi61as5fmr41.png
RGB_https://i.imgur.com/sjTrskV.jpg
RGB_https://i.imgur.com/2cPjoeE.jpg
RGBA_https://i.redd.it/nkqwqeiaomr41.png
RGB_https://i.redd.it/5ka9atzkpmr41.jpg
RGB_https://i.imgur.com/wxeeo2e.jpg
RGBA_https://i.redd.it/54bcqtk90nr41.png
RGBA_https://i.redd.it/4nntpfgu0nr41.png
RGBA_https://i.redd.it/n5fcbj9d1nr41.png
RGBA_https://i.redd.it/5bjd5u0c2nr41.png
RGBA_https://i.redd.it/m05f8qc32nr41.png
RGB_https://i.redd.it/y5w7sldl5nr41.jpg
RGBA_https://i.redd.it/vzhmco0x6nr41.png
RGBA_https://i.redd.it/xyqflv697nr41.png
RGB_https://i.redd.it/r9wrbsni9nr41.jpg
RGBA_https://i.redd.it/r7z63jkobnr41.png
RGB_https://i.redd.it/j0o6w3odbnr41.png
RGB_https://i.redd.it/d4lmv2vxbnr41.png
RGBA_https://i.redd.it/kez1wzptbnr41.png
RGBA_https://i.redd.it/h38lm1w6enr41.png
RGB_https://i.imgur.com/peJF2gO.png
RGB_https://i.imgur.com/UHIfLof.png
RGB_https://i.redd.it/lni3rl3iknr41.png
RGBA_https://i.redd.it/0qvhsertknr41.png
RGB_https://i.redd.it/5mqa2tvblnr41.png
RGBA_https://i.redd.it/p83z4wqlpnr41.png
RGBA_https://i.redd.it/g18lx84isnr41.png
RGB_https://i.imgur.com/bCtsd03.jpg
RGB_https://i.redd.it/3punffktynr41.jpg
RGB_https://i.redd.it/yhvqjwwn6or41.jpg
RGBA_https://i.redd.it/53prh81mcpr41.png
RGBA_https://i.redd.it/i9gozq6cdpr41.png
RGBA_https://i.redd.it/luveyyooipr41.png
RGBA_https://i.redd.it/sgb6rzlwaqr41.png
RGBA_https://i.redd.it/rypp9ba9fqr41.png
RGB_https://i.redd.it/bouk0w47jqr41.png
RGB_https://i.redd.it/o2kmq070kqr41.png
RGBA_https://i.redd.it/i24vmicrvqr41.png
RGBA_https://i.redd.it/fotjlrg0wqr41.png
RGBA_https://i.redd.it/wg3rhztowqr41.png
RGBA_https://i.redd.it/jjiqrg7v2rr41.png
RGBA_https://i.redd.it/os7fx7ss3rr41.png
RGB_https://i.redd.it/49zs85qw4rr41.jpg
RGB_https://i.redd.it/c55tybkg5rr41.jpg
RGBA_https://i.redd.it/jpgflfve7rr41.png
RGBA_https://i.redd.it/oybh4xao8rr41.png
RGBA_https://i.redd.it/g99siw8n9rr41.png
RGBA_https://i.redd.it/uvl7fzmjarr41.png
RGBA_https://i.redd.it/rqxy6er3brr41.png
RGB_https://i.redd.it/nr89wbygfrr41.jpg
RGB_https://i.redd.it/i9yp0h6sgrr41.png
RGBA_https://i.redd.it/75q36j15zrr41.png
RGBA_https://i.redd.it/t3ls4uadbsr41.png
RGBA_https://i.redd.it/002u57rxbsr41.png
RGB_https://i.redd.it/skahvygs6tr41.jpg
RGBA_https://i.redd.it/36ssu5c5atr41.png
RGBA_https://i.redd.it/9wazq90aztr41.png
RGB_https://i.redd.it/jyvw8m4l0ur41.jpg
RGB_https://i.redd.it/5tvy84brtur41.jpg
RGBA_https://i.redd.it/3mtz68fgzur41.png
RGB_https://i.redd.it/ahjzn2gx6vr41.png
RGB_https://i.redd.it/w73fwgxbevr41.jpg
RGB_https://i.redd.it/hjv8n6w7kvr41.jpg
RGB_https://i.redd.it/cw5dz0dzmvr41.jpg
RGBA_https://i.redd.it/n3ll7png1wr41.png
RGBA_https://i.redd.it/6uz38i6x2wr41.png
RGBA_https://i.redd.it/zgdcr4qv2wr41.png
RGBA_https://i.redd.it/rh5pn76g3wr41.png
RGBA_https://i.redd.it/sw4eoy373wr41.png
RGB_https://i.redd.it/0p7t8q7llwr41.jpg
RGBA_https://i.redd.it/nt3fpuriswr41.png
RGBA_https://i.redd.it/83qi7728twr41.png
RGBA_https://i.redd.it/2ijlp3sgtwr41.png
RGB_https://i.redd.it/ppqqcgv04xr41.jpg
RGB_https://i.imgur.com/vHKSS4t.jpg
RGB_https://i.redd.it/5tfzfc9mgxr41.jpg
RGB_https://i.redd.it/6yrmasklvxr41.png
RGB_https://i.redd.it/nwtrxe0dxxr41.png
RGB_https://i.redd.it/lcf4ry0uzxr41.jpg
RGB_https://i.redd.it/fkabravx1yr41.jpg
RGB_https://i.redd.it/pqcsy4z66yr41.jpg
RGB_https://i.redd.it/hdiwvqgbeyr41.jpg
RGB_https://i.imgur.com/8mPStc6.jpg
RGBA_https://i.redd.it/cdmemexhnyr41.png
RGB_https://i.imgur.com/9pFEtfc.jpg
RGB_https://i.redd.it/3lgk077qizr41.png
RGB_https://i.redd.it/m8u09kpkuzr41.jpg
RGB_https://i.imgur.com/XQvdgO8.jpg
RGB_https://i.redd.it/4s538o1s20s41.jpg
RGB_https://i.redd.it/6mj2zfgo20s41.jpg
RGBA_https://i.redd.it/6uwh5dcr50s41.png
RGBA_https://i.redd.it/xfn8rg0bk0s41.png
RGBA_https://i.redd.it/7hw4gki5s0s41.png
RGBA_https://i.redd.it/lzlxikn2u0s41.png
RGB_https://i.redd.it/m8l36flrz0s41.png
RGBA_https://i.redd.it/t2u8jhix81s41.png
RGB_https://i.redd.it/9idtgbz8t1s41.jpg
RGB_https://i.redd.it/jgrpadwux1s41.jpg
RGB_https://i.redd.it/6rn5y4wl12s41.jpg
RGB_https://i.imgur.com/m7ogTNj.jpg
RGB_https://i.redd.it/jastoqcis2s41.jpg
RGB_https://i.redd.it/h7dwysccn3s41.jpg
RGBA_https://i.redd.it/59rkgxfbo3s41.png
RGBA_https://i.redd.it/3l5yie13o3s41.png
RGB_https://i.redd.it/fk4e1h4bt3s41.jpg
RGB_https://i.redd.it/1y6h9040z3s41.jpg
RGBA_https://i.redd.it/fjf9wnrmt4s41.png
RGB_https://i.redd.it/da06qhajv4s41.jpg
RGBA_https://i.redd.it/meed0jmv45s41.png
RGBA_https://i.redd.it/gojafncvf5s41.png
RGB_https://i.redd.it/9d7tc0xbu5s41.jpg
RGB_https://i.redd.it/82c6nm45u5s41.jpg
RGB_https://i.redd.it/fbqsbfxzu5s41.jpg
RGB_https://i.imgur.com/s2bKNIc.jpg
RGB_https://i.redd.it/ocykbom7v5s41.jpg
RGB_https://i.redd.it/z08ky8ouw5s41.jpg
RGBA_https://i.redd.it/icxl33jdz5s41.png
RGB_https://i.redd.it/z4t8ilr2a6s41.jpg
RGB_https://i.redd.it/uzcg7bnxj6s41.jpg
RGBA_https://i.redd.it/ay6csxfhp6s41.png
RGBA_https://i.redd.it/dexdj0gbp6s41.png
RGBA_https://i.redd.it/b65diokrp6s41.png
RGBA_https://i.redd.it/r48wvtqlp6s41.png
RGB_https://i.redd.it/2031y1uwx6s41.jpg
RGBA_https://i.redd.it/ivjtys6qz6s41.png
RGB_https://i.redd.it/5e6a4geu57s41.jpg
RGB_https://i.imgur.com/ipGebB5.jpg
RGB_https://i.redd.it/5o1qf6nly7s41.jpg
RGB_https://i.imgur.com/ghI3mkD.jpg
RGBA_https://i.redd.it/1n2ezjnmb8s41.png
RGB_https://i.redd.it/n9xoyylfl8s41.jpg
RGB_https://i.redd.it/7qsqub9to8s41.jpg
RGB_https://i.redd.it/1qg6kjs0f9s41.png
RGB_https://i.imgur.com/1KPD6lX.jpg
RGB_https://i.redd.it/2pyxnlx5f8s41.png
RGB_https://i.redd.it/090wq0zgy8s41.png
RGB_https://i.redd.it/7j3vjyhxo9s41.jpg
RGB_https://i.redd.it/a3uakiamnas41.png
RGB_https://i.redd.it/s3sfwdw2vbs41.jpg
RGB_https://i.redd.it/b87delu31cs41.jpg
RGB_https://i.imgur.com/aemCqKX.jpg
RGB_https://i.redd.it/ueu376dbgcs41.jpg
RGB_https://i.redd.it/uylmgszpucs41.jpg
RGB_https://i.imgur.com/s2CtrNz.jpg
RGB_https://i.redd.it/rbxn7ebo7ds41.png
RGB_https://i.redd.it/3paailiqads41.jpg
RGBA_https://i.redd.it/bafoe0scbds41.png
RGBA_https://i.redd.it/kj28n8aaqds41.png
RGB_https://i.redd.it/08cpr5xttds41.png
RGB_https://i.imgur.com/hzjrMxw.jpg
RGB_https://i.redd.it/fazfn1477es41.jpg
RGBA_https://i.redd.it/ub6cj3gg9es41.png
RGB_https://i.redd.it/tmeaxzixaes41.jpg
RGB_https://i.redd.it/h1xpw7vgbes41.png
RGB_https://i.redd.it/s8mxqfldbes41.jpg
RGB_https://i.redd.it/lsckznlfdes41.jpg
RGBA_https://i.redd.it/zcgxlih8fes41.png
RGB_https://i.redd.it/4hggj3buwes41.jpg
RGB_https://i.imgur.com/SwHJmgG.jpg
RGB_https://i.redd.it/8jptvxxm1fs41.png
RGB_https://i.redd.it/htwdcfr7afs41.jpg
RGBA_https://i.redd.it/xk0dp0pnbfs41.png
RGB_https://i.redd.it/sivbzsuflfs41.png
RGB_https://i.redd.it/3somti6dmfs41.png
RGBA_https://i.redd.it/7bmluep3nfs41.png
RGBA_https://i.redd.it/9arzdoklnfs41.png
RGB_https://i.redd.it/5ygkj56qqfs41.png
RGBA_https://i.redd.it/w0p5mwzvmgs41.png
RGB_https://i.imgur.com/L7WR5tQ.jpg
RGBA_https://i.redd.it/i5qgebszwgs41.png
RGBA_https://i.redd.it/5g5h4da8ohs41.png
RGB_https://i.redd.it/gf5z7fwtzhs41.jpg
RGB_https://i.redd.it/ny45ujrrdis41.jpg
RGB_https://i.redd.it/38vokjdujis41.jpg
RGB_https://i.redd.it/4sqsbxbm2js41.jpg
RGB_https://i.redd.it/oq6paq705js41.jpg
RGB_https://i.redd.it/w8cixtpw4js41.jpg
RGB_https://i.redd.it/mdbxs9be5js41.jpg
RGB_https://i.redd.it/q6svgxaa5js41.jpg
RGB_https://i.redd.it/31yd6ka55js41.jpg
RGB_https://i.redd.it/3pfi3cax5js41.jpg
RGB_https://i.redd.it/cwnq26bt5js41.jpg
RGB_https://i.redd.it/23toewol5js41.jpg
RGB_https://i.redd.it/q34wdi4m6js41.jpg
RGB_https://i.redd.it/7n5gxu31bjs41.png
RGBA_https://i.redd.it/k5w01of4jjs41.png
RGBA_https://i.redd.it/do377zpejjs41.png
RGBA_https://i.redd.it/exsm5zpkjjs41.png
RGBA_https://i.redd.it/jkypvf21kjs41.png
RGBA_https://i.redd.it/sjgnv01pkjs41.png
RGBA_https://i.redd.it/8ncdt6nhkjs41.png
RGBA_https://i.redd.it/xxov3lsykjs41.png
RGBA_https://i.redd.it/uy7f70d8ljs41.png
RGBA_https://i.redd.it/rxwvedsuljs41.png
RGBA_https://i.redd.it/uqkof7lkljs41.png
RGBA_https://i.redd.it/ycz1gutbmjs41.png
RGBA_https://i.redd.it/xtbt53j3mjs41.png
RGB_https://i.redd.it/2issyfbqpjs41.jpg
RGB_https://i.redd.it/8lkrz92pqjs41.jpg
RGB_https://i.redd.it/nqj0b4afrjs41.jpg
RGB_https://i.redd.it/sym15cz2wjs41.jpg
RGB_https://i.redd.it/tsd40kxzvjs41.jpg
RGB_https://i.redd.it/59wvdz7vvjs41.jpg
RGB_https://i.redd.it/o4csllvhwjs41.jpg
RGB_https://i.redd.it/6tl76gucwjs41.jpg
RGB_https://i.redd.it/mq2a0k1awjs41.jpg
RGB_https://i.redd.it/omyhy1u5wjs41.jpg
RGB_https://i.redd.it/l4t8j7mobks41.jpg
RGB_https://i.redd.it/hqt7zpo5fks41.jpg
RGB_https://i.redd.it/kqfqjizcfks41.jpg
RGB_https://i.redd.it/ih4v7ni9fks41.jpg
RGBA_https://i.redd.it/mwhi737utks41.png
RGBA_https://i.redd.it/0qubhwppvks41.png
RGB_https://i.redd.it/qfxzu5820ls41.jpg
RGB_https://i.redd.it/71lkctla3ls41.jpg
RGB_https://i.redd.it/05d3j1uqdls41.jpg
RGB_https://i.redd.it/k0lbilmbfls41.jpg
RGB_https://i.redd.it/r0hoxxo0ils41.jpg
RGBA_https://i.redd.it/8f4qcttvmls41.png
RGB_https://i.redd.it/pkychpbiols41.png
RGB_https://i.redd.it/5d56knivqls41.png
RGB_https://i.redd.it/rlsgi4ilyls41.jpg
RGB_https://i.redd.it/bnog9n6k3ms41.jpg
RGBA_https://i.redd.it/eci7d81ilms41.png
RGB_https://i.redd.it/s4ixm0z3sms41.jpg
RGB_https://i.imgur.com/3nNpVH0.jpg
RGBA_https://i.redd.it/cwwtmrmc0ns41.png
RGBA_https://i.imgur.com/NxL9drx.png
RGBA_https://i.imgur.com/zxYrh1L.png
RGBA_https://i.redd.it/6jk7kreq5ns41.png
RGB_https://i.redd.it/g4hr382c6ns41.jpg
RGBA_https://i.redd.it/xvc6eliy5ns41.png
RGBA_https://i.redd.it/qdq9kxax8ns41.png
RGB_https://i.imgur.com/LFcHYFm.jpg
RGB_https://i.imgur.com/0ONPTsU.jpg
RGBA_https://i.redd.it/lh4zeeexjns41.png
RGBA_https://i.redd.it/uyoqvik9lns41.png
RGB_https://i.redd.it/iykbaycstns41.jpg
RGB_https://i.redd.it/uqk6b0w94os41.jpg
RGB_https://i.redd.it/2emacgx2jos41.jpg
RGBA_https://i.redd.it/k89ea484xos41.png
RGB_https://i.imgur.com/QLaXoFY.jpg
RGBA_https://i.redd.it/0pp973323ps41.png
RGB_https://i.redd.it/lmgyl3wt6ps41.jpg
RGB_https://i.redd.it/llvovow97ps41.jpg
RGB_https://i.imgur.com/WTquQn2.jpg
RGBA_https://i.redd.it/85lp052ewps41.png
RGBA_https://i.redd.it/zc1a3o6utqs41.png
RGB_https://i.redd.it/o9zn9abgars41.jpg
RGBA_https://i.redd.it/ws0jfbfqjrs41.png
RGB_https://i.redd.it/ky77gt2uxrs41.jpg
RGB_https://i.redd.it/s5dryb8q3ss41.jpg
RGB_https://i.redd.it/51a9pfjk4ss41.jpg
RGB_https://i.redd.it/6yut593s4ss41.jpg
RGB_https://i.redd.it/3l8rfz8fgss41.png
RGB_https://i.imgur.com/dS3SerH.jpg
RGBA_https://i.redd.it/wpm26s5wjss41.png
RGB_https://i.redd.it/5vs4lxe9wss41.jpg
RGBA_https://i.redd.it/a12xu2z2xss41.png
RGB_https://i.redd.it/qtw0edyq3ts41.png
RGB_https://i.redd.it/6wzwgwc1hts41.jpg
RGB_https://i.redd.it/k5ppi9c9its41.jpg
RGB_https://i.redd.it/kvmlqp4mkts41.jpg
RGBA_https://i.redd.it/xxghfnv8ots41.png
RGBA_https://i.redd.it/bumi9d233us41.png
RGBA_https://i.redd.it/eas8tueg8us41.png
RGBA_https://i.redd.it/ikwf5if6evs41.png
RGB_https://i.redd.it/qbao8xcmevs41.jpg
RGB_https://i.redd.it/r0s0ybd6fvs41.jpg
RGB_https://i.redd.it/6actzeevfvs41.png
RGBA_https://i.redd.it/dasd9qzy0ws41.png
RGB_https://i.redd.it/w5wjb1ldpws41.jpg
RGB_https://i.redd.it/nbspukc2sws41.jpg
P_https://i.redd.it/8u2ffrdqaxs41.png
RGBA_https://i.redd.it/91lxzrjpoxs41.png
RGBA_https://i.redd.it/whml38ch3ys41.png
RGBA_https://i.imgur.com/HkfEfDs.png
RGB_https://i.redd.it/4ejsl2lznys41.jpg
RGBA_https://i.imgur.com/IMoEwvr.png
RGB_https://i.redd.it/dfct2dq98zs41.jpg
RGB_https://i.redd.it/2oiokpfs8zs41.jpg
RGBA_https://i.redd.it/294kl4teozs41.png
RGB_https://i.redd.it/vxkqhtc5n0t41.png
RGB_https://i.redd.it/a8pnoln2o0t41.jpg
RGBA_https://i.vgy.me/sdJssE.png
RGBA_https://i.redd.it/nciouek4s0t41.png
RGBA_https://i.redd.it/uprt8b2us0t41.png
RGB_https://i.redd.it/9blsa3f8c1t41.png
RGBA_https://i.redd.it/4v812tkes1t41.png
RGB_https://i.redd.it/3s8refqsy1t41.png
RGB_https://i.redd.it/tv6in2wgs2t41.jpg
RGB_https://i.redd.it/flgcodqbs2t41.jpg
RGB_https://i.redd.it/zckqzghrd3t41.jpg
RGB_https://i.redd.it/w45liryyd3t41.jpg
RGB_https://i.redd.it/bmbzowxud3t41.jpg
RGB_https://i.redd.it/aoz6lut3g3t41.jpg
RGB_https://i.redd.it/5uq9sjgmq3t41.jpg
RGB_https://i.redd.it/tw3om3vpd5t41.png
RGBA_https://i.redd.it/gheijkpcf5t41.png
RGB_https://i.redd.it/tmkxmebzf5t41.png
RGB_https://i.imgur.com/HpZSyZS.jpg
RGB_https://i.redd.it/veihtxoyx5t41.jpg
RGB_https://i.redd.it/9q3b88ooj6t41.jpg
RGB_https://i.redd.it/m113xyflp6t41.jpg
RGB_https://i.redd.it/ovj9uo13z6t41.jpg
RGB_https://i.redd.it/5lecwkxaz6t41.png
RGB_https://i.redd.it/g8ho7fn407t41.png
RGB_https://i.redd.it/nbxsa67a27t41.jpg
RGBA_https://i.redd.it/l1r8e9ld67t41.png
RGB_https://i.redd.it/j304x6xje7t41.png
RGB_https://i.redd.it/65kvaihei7t41.png
RGB_https://i.redd.it/6if9xe56k7t41.jpg
RGBA_https://i.redd.it/snyr9y9xl7t41.png
RGBA_https://i.redd.it/s9p6s5yd18t41.png
RGB_https://i.redd.it/t63d8pmg48t41.jpg
RGB_https://i.redd.it/rmndes7ca8t41.jpg
RGB_https://i.redd.it/wj3x3wnvl8t41.jpg
RGBA_https://i.redd.it/jw2b0pzqv8t41.png
RGB_https://i.redd.it/rhspv00ox8t41.jpg
RGB_https://i.redd.it/1hmgaays69t41.jpg
RGB_https://i.redd.it/iv47w6xp69t41.jpg
RGB_https://i.redd.it/myh656oy69t41.jpg
RGB_https://i.redd.it/504uauepa9t41.jpg
RGBA_https://i.redd.it/ckwyiiucd9t41.png
RGBA_https://i.redd.it/onavlyjqbbt41.png
RGB_https://i.redd.it/okn7o4o0cbt41.jpg
RGB_https://i.redd.it/ae4e70evbbt41.jpg
RGB_https://i.redd.it/vu4cllj6ybt41.jpg
RGB_https://i.redd.it/rqtsk7nomct41.jpg
RGB_https://i.redd.it/t634ki9rqct41.jpg
RGB_https://i.redd.it/9o9d8pwz4dt41.jpg
RGB_https://i.redd.it/r7w19uaj7dt41.jpg
RGB_https://i.redd.it/ediirccc8dt41.png
RGBA_https://i.redd.it/j4nzw26s8dt41.png
RGB_https://i.redd.it/c9yy0qvwcdt41.jpg
RGB_https://i.redd.it/3y8prl5vldt41.png
RGB_https://i.imgur.com/9kfDOOZ.jpg
RGB_https://i.redd.it/nh3cx6gnodt41.jpg
RGB_https://i.redd.it/6h2te54vodt41.png
RGBA_https://i.redd.it/y4s7p5rkqdt41.png
RGB_https://i.redd.it/9rxc67kfwdt41.png
RGB_https://i.redd.it/2kfvofj7zdt41.jpg
RGB_https://i.redd.it/1f9ejzmv0et41.png
RGB_https://i.redd.it/gg7dlk2h3et41.jpg
RGBA_https://i.redd.it/ymop71534et41.png
RGBA_https://i.redd.it/0qe7wwqqcet41.png
RGB_https://i.redd.it/44d9k5k4get41.jpg
RGB_https://i.redd.it/oxrwopjfjet41.jpg
RGB_https://i.redd.it/ink81kpqjet41.jpg
RGB_https://i.redd.it/v2d8x8j2ket41.jpg
RGB_https://i.redd.it/4gx21zxzwet41.jpg
RGBA_https://i.redd.it/xrknwh8xyet41.png
RGB_https://i.redd.it/as1qgh2i0ft41.jpg
RGB_https://i.redd.it/ehkw2yiqlft41.jpg
RGB_https://i.redd.it/ppbh9h6i1gt41.jpg
RGB_https://i.redd.it/tmk9bn7u8gt41.jpg
RGB_https://i.redd.it/nvqeet9tkgt41.png
RGB_https://i.redd.it/y72y0z62mht41.jpg
RGB_https://i.redd.it/g0krdk1m6it41.png
RGBA_https://i.redd.it/vpntu9shcit41.png
RGB_https://i.redd.it/4zxwusdrpit41.png
RGBA_https://i.redd.it/0kw4atdtqit41.png
RGB_https://i.redd.it/tofybiyixit41.png
RGBA_https://i.redd.it/0vmtxw2z6kt41.png
RGB_https://i.redd.it/gm8z2um2ekt41.jpg
RGB_https://i.redd.it/wuks5908mkt41.jpg
RGB_https://i.redd.it/bng6xk49zkt41.jpg
RGB_https://i.redd.it/58xjd9rb6lt41.jpg
RGBA_https://i.redd.it/b6xquzrl9lt41.png
RGBA_https://i.redd.it/bc2rym0ralt41.png
RGB_https://i.redd.it/qhwbbnxuclt41.jpg
RGB_https://i.redd.it/x63u1odaelt41.jpg
RGB_https://i.redd.it/qgu3i0a3xlt41.jpg
RGB_https://i.redd.it/2qftj9y6zlt41.jpg
RGB_https://i.redd.it/8f7li1efkmt41.jpg
RGBA_https://i.redd.it/4m0iqun9rmt41.png
RGB_https://i.redd.it/rohx28fkrmt41.jpg
RGBA_https://i.redd.it/c5lyubrkumt41.png
RGBA_https://i.redd.it/71z65ffxxmt41.png
RGB_https://i.redd.it/c7nha9zr6nt41.jpg
RGB_https://i.redd.it/zo1h6pvg9nt41.jpg
RGB_QxJA4dj.jpg
RGBA_https://images2.imgbox.com/5d/02/y0sTVOHk_o.png
RGB_https://i.redd.it/jhyidunlmnt41.jpg
RGB_https://i.redd.it/whantt0ymnt41.jpg
RGB_https://i.redd.it/try5147gtnt41.jpg
RGB_https://i.redd.it/jbp7xkvk0ot41.png
RGB_https://i.redd.it/kxe5u59a4ot41.jpg
RGBA_https://i.redd.it/pem8wi3o2pt41.png
RGBA_https://i.redd.it/w2tgu6z8jpt41.png
RGBA_https://i.redd.it/b5yj7xv0lpt41.png
RGB_https://i.redd.it/ykdafev4ppt41.jpg
RGB_https://i.redd.it/pejqu74uupt41.jpg
RGBA_https://i.redd.it/t4tx6ggh6qt41.png
RGBA_https://images2.imgbox.com/d8/a6/uExgzo0I_o.png
RGBA_https://i.redd.it/9lmw2nzcgqt41.png
RGBA_https://i.redd.it/797l27fkhqt41.png
RGBA_https://i.redd.it/esft0bkgjqt41.png
RGB_https://i.redd.it/a48vs70tlqt41.jpg
RGBA_https://i.redd.it/8eft1n7qnqt41.png
RGBA_https://i.redd.it/2dk12olzoqt41.png
RGB_https://i.redd.it/jo983la9qqt41.png
RGB_https://i.redd.it/pqk7nfe2qqt41.png
RGBA_https://i.redd.it/9hldasn1drt41.png
RGB_https://i.redd.it/xgmu5mwohrt41.jpg
RGB_https://i.redd.it/v9wpx5uxlrt41.jpg
RGBA_https://i.redd.it/6jieze3sort41.png
RGBA_https://i.redd.it/dfn96jk4prt41.png
RGB_https://i.redd.it/p0p9f15nprt41.jpg
RGB_https://i.redd.it/2c7s72hkprt41.png
RGB_https://i.redd.it/n0dfal3dqrt41.jpg
RGB_https://i.redd.it/qfuhk8g2qrt41.png
RGB_https://i.redd.it/7s44w57uqrt41.jpg
RGB_https://i.redd.it/46l7yq8mrrt41.jpg
RGBA_https://i.vgy.me/aT98tL.png
RGBA_https://i.vgy.me/PJPxUU.png
RGBA_https://i.vgy.me/2EkIwc.png
RGBA_https://i.redd.it/zo4u46jpzrt41.png
RGB_https://i.redd.it/hw6wdl3q8ut41.jpg
RGB_https://i.redd.it/gsnln6908ut41.jpg
RGB_https://i.redd.it/m8dwo1yo7ut41.jpg
RGB_https://i.redd.it/x4mlepqi7ut41.jpg
RGB_https://i.redd.it/s899prme7ut41.jpg
RGB_https://i.redd.it/crs978807ut41.jpg
RGB_https://i.redd.it/kjbpoble6ut41.jpg
RGBA_https://i.redd.it/s3u2phkdrtt41.png
RGBA_https://i.redd.it/ayjfo5hpptt41.png
RGBA_https://i.redd.it/gsienri0ptt41.png
RGBA_https://i.redd.it/4cq82ad2gtt41.png
RGBA_https://i.redd.it/mgyk276pdtt41.png
RGB_https://i.redd.it/6hygkiuwbtt41.jpg
RGB_https://i.redd.it/4frmnrwsbtt41.jpg
RGB_https://i.redd.it/gqird5ui9tt41.jpg
RGB_https://i.redd.it/3661vhep8st41.jpg
RGB_https://i.redd.it/9qinobcf9ut41.jpg
RGB_https://i.redd.it/0e2pzxx03tt41.jpg
RGB_https://i.redd.it/vxegzfw72tt41.jpg
RGB_https://i.redd.it/g33oo952sst41.jpg
RGB_https://i.redd.it/7vojludlbst41.jpg
RGB_https://i.redd.it/xdafplm97st41.png
RGB_https://i.redd.it/mdjxz94f5st41.jpg
RGB_https://i.redd.it/ism22kdx4st41.jpg
RGBA_https://i.redd.it/liac7si3jut41.png
RGBA_https://i.redd.it/m2e3jivyput41.png
RGB_https://i.redd.it/d4ca7kf5xut41.jpg
RGB_https://i.redd.it/9vuubxe11vt41.jpg
RGB_https://i.redd.it/so3tn9j02vt41.jpg
RGB_https://i.redd.it/12cl8c9dfvt41.png
RGB_https://i.redd.it/gsgah0fvhwt41.jpg
RGB_https://i.redd.it/tws0p660zwt41.jpg
RGB_https://i.ibb.co/Jkkz783/88-B36479-0-DE6-4-EBB-96-ED-756-E694-DC839.jpg
RGB_https://i.redd.it/p6cws5f0dxt41.jpg
RGB_https://i.redd.it/asrpxh4chxt41.jpg
RGB_https://i.redd.it/cby984axhxt41.jpg
RGB_https://i.redd.it/jo3b6qgjixt41.jpg
RGB_https://i.redd.it/asix3491qyt41.jpg
RGB_https://i.redd.it/m0wbmbdfqyt41.jpg
RGB_https://i.redd.it/zer1exdoqyt41.jpg
RGB_https://i.redd.it/axohzw6tsyt41.jpg
RGB_https://i.redd.it/ybzm9wontyt41.jpg
RGB_https://i.redd.it/sov0u2pzuyt41.jpg
RGB_https://i.redd.it/k0kkzqr30zt41.jpg
RGB_https://i.redd.it/15g8911j3zt41.jpg
RGB_https://i.redd.it/vzm8zp9500u41.jpg
RGB_https://i.redd.it/j63bks4q10u41.jpg
RGB_https://i.redd.it/bfhx6ogx20u41.jpg
RGBA_https://i.redd.it/pna0cmfd60u41.png
RGB_https://i.redd.it/uxas4klca0u41.jpg
RGB_https://i.redd.it/qoclk4nad0u41.jpg
RGB_https://i.redd.it/09viwu23f0u41.jpg
RGB_https://i.redd.it/5f8102yqe0u41.jpg
RGBA_https://i.redd.it/gdze0tiqh0u41.png
P_https://i.redd.it/fdiqg8o1q0u41.png
RGB_https://i.redd.it/zj7302zjs0u41.jpg
RGBA_https://i.redd.it/bqz8zpl2r0u41.png
RGBA_https://i.redd.it/xqr3wmq731u41.png
RGBA_https://i.redd.it/h9uu7h0m41u41.png
RGBA_https://i.redd.it/e6xr8k1b71u41.png
RGB_https://i.redd.it/50rvd2d9i1u41.jpg
RGB_https://i.redd.it/bylox2jkk1u41.jpg
RGB_https://i.redd.it/r5ks0vgc42u41.jpg
RGB_https://i.redd.it/m49k1xaq42u41.jpg
RGB_https://i.redd.it/641xd8kk42u41.jpg
RGB_https://i.redd.it/q60bl9fqo2u41.jpg
RGB_https://i.redd.it/ne4swrzlr2u41.jpg
RGB_https://i.redd.it/hlbz0tvgs2u41.jpg
RGB_https://i.redd.it/ro5mcwqrs2u41.jpg
RGB_https://i.redd.it/bzv8wz5ls2u41.jpg
RGB_https://i.redd.it/zf90brn993u41.png
RGB_https://i.redd.it/1oon3j84h3u41.jpg
RGB_https://i.redd.it/emv1fotdh3u41.jpg
RGB_https://i.redd.it/n6z81jhyi3u41.jpg
RGB_https://i.redd.it/m98xyfyml3u41.jpg
RGB_https://i.redd.it/8y6eytq9r3u41.jpg
RGB_https://i.redd.it/zs6dw53s14u41.png
RGBA_https://i.redd.it/yj31zvpx64u41.png
RGB_https://i.redd.it/gql700ddb4u41.jpg
RGB_https://i.redd.it/ciqa222pj4u41.jpg
RGB_https://i.redd.it/w11kyb7gv4u41.jpg
RGBA_https://i.redd.it/ygp6gbcwz4u41.png
RGB_https://i.redd.it/aq4bztcbd5u41.jpg
RGB_https://i.redd.it/9arm8kl8f5u41.jpg
RGB_https://i.redd.it/hvljce52f5u41.jpg
RGB_https://i.redd.it/xup3awn5v5u41.jpg
RGB_https://i.redd.it/7emzv3d3n3u41.jpg
RGB_https://i.redd.it/m31lp69yx5u41.jpg
RGB_https://i.redd.it/l14xfjtl56u41.jpg
RGB_https://i.redd.it/213yukbp56u41.jpg
RGB_https://i.redd.it/v6xj3c87c6u41.jpg
RGB_https://i.redd.it/3lqkpgngg6u41.jpg
RGB_https://i.redd.it/st3tjzipg6u41.jpg
RGB_l466w43f85u41.jpg
RGBA_https://i.redd.it/mi5xp90fw6u41.png
RGB_https://i.imgur.com/77jH3ek.jpeg
RGBA_https://i.redd.it/xso4rlucd7u41.png
RGB_https://i.redd.it/o2w4fevu18u41.jpg
RGBA_https://i.redd.it/cwr7orcx48u41.png
RGB_https://i.redd.it/rsm1lbo478u41.jpg
RGB_https://i.redd.it/mhf1myq978u41.jpg
RGBA_https://i.redd.it/bcjo4fvao8u41.png
RGBA_https://i.redd.it/3a045cpxh9u41.png
RGB_https://i.redd.it/vhopt42mo9u41.jpg
RGB_https://i.redd.it/st02gpwpo9u41.jpg
RGBA_https://i.redd.it/jrive6zts9u41.png
RGB_https://i.redd.it/at92dfcp8au41.jpg
RGB_https://i.redd.it/wrbrnjlqcau41.jpg
RGBA_https://i.redd.it/lblw7gpceau41.png
RGB_https://i.redd.it/rkpgfziw4bu41.jpg
RGB_https://i.imgur.com/qiEIiF8.jpg
RGB_https://i.imgur.com/qLOwnos.jpg
RGB_https://i.imgur.com/z75i2IU.jpg
RGB_https://i.redd.it/1meputdgqbu41.jpg
RGB_https://i.redd.it/u0b7sa9wqbu41.jpg
RGB_https://i.redd.it/kjup6hwkxbu41.jpg
RGB_https://i.imgur.com/sq3x9PG.png
RGB_https://i.redd.it/5s82ozgcgcu41.jpg
RGBA_https://i.redd.it/es4xs1alhcu41.png
RGB_https://i.redd.it/euttlwdwxcu41.jpg
RGBA_https://i.imgur.com/VavkP3c.png
RGB_https://i.redd.it/6b4s0hji6du41.jpg
RGB_https://i.redd.it/w5ufdbgw8du41.jpg
RGB_https://i.redd.it/uf2iytan9du41.jpg
RGB_https://i.redd.it/pfij0bldcdu41.jpg
RGB_https://i.imgur.com/zf2s0BI.jpg
RGBA_https://i.imgur.com/VSW92Ho.png
RGB_https://i.redd.it/nyy64a09gdu41.jpg
RGB_https://i.redd.it/kb69opj9kdu41.jpg
RGB_https://i.redd.it/r6uyjberkdu41.jpg
RGB_https://i.redd.it/khw79whxqdu41.jpg
RGBA_https://i.redd.it/02fidgtwwdu41.png
RGBA_https://i.redd.it/su2r496bydu41.png
RGB_https://i.redd.it/bf5napxv8eu41.png
RGBA_https://i.imgur.com/6crfxgl.png
RGB_https://i.redd.it/z4v05fd5oeu41.jpg
RGB_https://i.imgur.com/pdZnOkr.jpg
RGB_https://i.redd.it/9d3nnbzuufu41.jpg
RGBA_https://i.redd.it/i7h5uiukxfu41.png
RGBA_https://i.redd.it/ftletpvsyfu41.png
RGB_https://i.redd.it/5r6xkzdzzgu41.png
RGB_https://i.redd.it/8aiedy270hu41.png
RGB_https://i.redd.it/anvp6rzybhu41.jpg
RGBA_https://i.redd.it/ulxq4coskhu41.png
RGBA_https://images2.imgbox.com/dd/a6/UmEuX4Xz_o.png
RGBA_https://i.redd.it/eqheyqupqhu41.png
RGBA_https://i.redd.it/hjz53o851iu41.png
RGB_https://i.redd.it/besed0tj2iu41.jpg
RGB_https://i.redd.it/yjkqln87eiu41.jpg
RGB_https://i.imgur.com/BVFW3mA.jpg
RGBA_https://i.redd.it/00490smhyiu41.png
RGB_https://i.redd.it/h47rwu13bju41.png
RGB_https://i.redd.it/t88nfl5qbju41.png
RGB_https://i.redd.it/an0hgif3rju41.jpg
RGBA_https://i.imgur.com/hCECERu.png
RGB_https://i.redd.it/u9kk2b217ku41.jpg
RGB_https://i.redd.it/psxht17wbku41.jpg
RGB_https://i.redd.it/xr9a0t2esku41.jpg
RGBA_https://i.redd.it/3shrhzbfzku41.png
RGBA_https://i.imgur.com/F4weOgn.png
RGB_https://i.imgur.com/EzEePRQ.jpg
RGB_https://i.redd.it/3481culchlu41.jpg
RGB_https://i.redd.it/l7551e4hjlu41.jpg
RGB_https://i.redd.it/gxskxpmxjlu41.jpg
RGB_https://i.redd.it/myzovyy0ulu41.jpg
RGB_https://i.redd.it/nyewpnqxvlu41.png
RGB_https://i.redd.it/vd5qlim4ylu41.png
RGB_https://i.redd.it/uifjrc0d1mu41.jpg
RGB_https://i.redd.it/p68wbmbi7mu41.png
P_https://i.redd.it/qfrbzt4s7mu41.png
RGB_https://i.imgur.com/9t8eXKh.jpg
RGB_https://i.imgur.com/ICBCrgc.jpg
RGB_https://i.imgur.com/oVB94bD.jpg
RGB_https://i.redd.it/t12lz0uhdmu41.jpg
RGBA_https://i.redd.it/kato7f8wwmu41.png
CMYK_https://i.redd.it/vjbm1v5bzmu41.jpg
CMYK_https://i.redd.it/75c46uk9zmu41.jpg
RGB_https://i.redd.it/b03821lr8nu41.jpg
RGB_https://i.redd.it/wlwweph58nu41.jpg
RGB_https://i.imgur.com/dkfKxCe.jpg
RGBA_https://i.redd.it/lu6wlmj7snu41.png
RGBA_https://i.redd.it/iz217dxusnu41.png
RGBA_https://i.redd.it/dnf63xgptnu41.png
RGB_https://i.redd.it/b3r7rtql9ou41.jpg
RGB_https://i.redd.it/hvihdiqugou41.jpg
RGB_https://i.redd.it/ym2bvhduoou41.jpg
RGB_https://i.redd.it/3u3f4i0ppou41.jpg
RGB_https://i.imgur.com/agesayA.jpg
RGB_https://i.redd.it/zeeoskdu3pu41.jpg
RGB_https://i.redd.it/wgq4dolidpu41.jpg
RGBA_https://i.redd.it/56p8vrhrepu41.png
RGBA_https://i.redd.it/t31f1diqepu41.png
RGB_https://i.redd.it/9qcxs58pepu41.jpg
RGB_https://i.redd.it/zcdq7pgpfpu41.jpg
RGB_https://i.redd.it/dedz230ggpu41.jpg
RGB_https://i.redd.it/xgj9oy5ihpu41.jpg
RGB_https://i.redd.it/lx2as9g2aqu41.png
RGBA_https://i.redd.it/qw9dcl7x9qu41.png
RGBA_https://i.redd.it/pfoc62h7rqu41.png
RGB_https://i.redd.it/eeh7ig6n2ru41.jpg
RGB_https://i.redd.it/7p9wbr2x2ru41.jpg
RGB_https://i.redd.it/kignv32d3ru41.jpg
RGB_https://i.redd.it/6sx4tfwd6ru41.jpg
RGBA_https://i.redd.it/48v745a3mru41.png
RGBA_https://i.redd.it/2l9st8wqoru41.png
RGB_https://i.redd.it/3z4m5qh08su41.jpg
RGB_https://i.redd.it/qpzp7uzcasu41.jpg
RGB_https://i.redd.it/bdtcomkkbsu41.jpg
RGB_https://i.imgur.com/socKaFe.jpg
RGB_https://i.redd.it/yeq7u70yysu41.jpg
RGB_https://i.redd.it/2zkqpm2bzsu41.jpg
RGB_https://i.redd.it/zdiwf1hd0tu41.jpg
RGBA_https://images2.imgbox.com/41/bb/SS3JvMSh_o.png
RGB_https://i.imgur.com/S5nAiUm.jpg
RGB_https://i.redd.it/a3odd0h3btu41.jpg
RGBA_https://i.redd.it/enymovrrctu41.png
RGBA_https://i.redd.it/ytd85jdnmtu41.png
RGB_https://i.redd.it/jyuh0fruotu41.png
RGBA_https://i.redd.it/ly54rwj0qtu41.png
RGBA_https://i.redd.it/yhsl9q0httu41.png
RGB_https://i.redd.it/0hxs7u18vtu41.jpg
RGBA_https://i.redd.it/zrajh1xe2uu41.png
RGB_https://i.imgur.com/Zk3G3zA.jpg
RGB_https://i.imgur.com/rxaASD1.jpg
RGB_https://i.imgur.com/gntVSzX.jpg
RGB_https://i.imgur.com/T7XVG3F.jpg
RGB_https://i.imgur.com/V35mQLa.jpg
RGB_https://i.imgur.com/LQlPaSo.jpg
RGB_https://i.imgur.com/8kx5rLy.jpg
RGB_https://i.imgur.com/0wLscsc.jpg
L_https://i.vgy.me/nsnBZg.png
RGB_https://i.redd.it/yx75ht7umuu41.png
L_https://i.vgy.me/NTH8NG.png
RGB_https://i.redd.it/qc6kehqjouu41.png
RGBA_https://i.redd.it/vkts3obpuuu41.png
RGB_https://i.redd.it/pmh94at56wu41.jpg
RGB_https://i.redd.it/jwadruxm6wu41.jpg
RGB_https://i.redd.it/tfb68en17wu41.jpg
RGB_https://i.redd.it/qbtsoy33cwu41.jpg
RGB_https://i.redd.it/xg72274newu41.jpg
RGB_https://i.redd.it/evw804yqewu41.jpg
RGB_https://i.redd.it/d4ylx1mt2yu41.jpg
RGB_https://i.redd.it/5xqzrnai9yu41.png
RGBA_https://i.redd.it/xt4bwy9vhyu41.png
RGB_https://i.redd.it/mezwp9l1lyu41.jpg
RGBA_https://i.redd.it/e84dunvlkyu41.png
RGB_https://i.redd.it/m3pgs51ktyu41.png
RGB_https://i.redd.it/fmf4byl2uyu41.png
RGB_https://i.redd.it/kju7h78kuyu41.png
RGBA_https://i.redd.it/o6vghavwnyu41.png
RGB_https://i.redd.it/1uzw1oyhzyu41.jpg
RGB_https://i.redd.it/lo4jnmlo0zu41.jpg
RGB_https://i.redd.it/yn19p3v21zu41.jpg
RGB_https://i.redd.it/mcb783gz1zu41.jpg
RGB_https://i.redd.it/qyk91npu3zu41.jpg
RGB_https://i.redd.it/ku34pqlm3zu41.jpg
RGB_https://i.redd.it/oliafbzvczu41.jpg
RGB_https://i.redd.it/r4v4bnasczu41.jpg
RGB_https://i.redd.it/5mfers3pczu41.jpg
RGB_https://i.redd.it/ytqw4e24dzu41.jpg
RGB_https://i.redd.it/sqe31hrzczu41.jpg
RGB_https://i.redd.it/vapv37kfyzu41.jpg
RGB_qx1v7xfx1uu41.jpg
RGB_qx1v7xfx1uu41.jpg
RGB_qx1v7xfx1uu41.jpg
RGB_qx1v7xfx1uu41.jpg
RGB_https://i.imgur.com/r4zKNtn.jpg
RGBA_https://i.redd.it/y4d3mtwte0v41.png
RGBA_https://i.redd.it/lc679xk7i0v41.png
RGB_https://i.redd.it/dmlrhud4o0v41.jpg
RGB_https://i.redd.it/bxf8muyzn0v41.jpg
RGB_https://i.redd.it/ngvlmt6xn0v41.jpg
RGBA_https://i.redd.it/5qjn79daq0v41.png
RGBA_https://i.redd.it/np8uczx1r0v41.png
RGB_https://i.redd.it/ovw1a86qy0v41.jpg
RGBA_https://i.vgy.me/xRuIpf.png
RGBA_https://images2.imgbox.com/a9/61/zt8Qe5FP_o.png
RGBA_https://i.redd.it/hto13xa381v41.png
RGBA_https://i.redd.it/8r8pa5l1q1v41.png
RGB_https://i.redd.it/zehf1dxtp1v41.jpg
RGB_https://i.imgur.com/MD8P7QD.jpg
RGBA_https://i.redd.it/973qy3eyc2v41.png
RGBA_https://i.redd.it/q2z7pk01i2v41.png
RGB_https://i.redd.it/46etsob5k3v41.jpg
RGB_https://i.redd.it/0umcm86984v41.png
RGB_https://i.redd.it/susin6pxx1v41.png
RGB_https://i.redd.it/8norjt2nq4v41.png
RGB_https://i.redd.it/tychr57ve5v41.jpg
RGB_https://i.redd.it/om2520fkr5v41.jpg
RGB_https://i.redd.it/37qh97dgz5v41.jpg
RGB_https://i.redd.it/f28picai26v41.jpg
RGB_https://i.redd.it/66tuc02hx7v41.jpg
RGB_https://i.redd.it/e608mtrcx7v41.jpg
RGB_https://i.redd.it/f0td4yx7s7v41.jpg
RGBA_https://i.redd.it/oqo6rhqar7v41.png
RGB_https://i.redd.it/h5a9uvlcj7v41.png
RGBA_https://i.redd.it/xeeovbpgf7v41.png
RGB_https://i.redd.it/27q14vyff7v41.png
RGB_https://i.redd.it/v8luaw5af7v41.png
RGB_https://i.redd.it/hoqlimx3d7v41.png
RGBA_https://i.redd.it/jhzjgziia7v41.png
RGB_https://i.redd.it/ayearjlz87v41.png
RGB_https://i.redd.it/la6p3dhlv6v41.jpg
RGB_https://i.redd.it/dytbzrlnr6v41.jpg
RGB_https://i.redd.it/vmnr8bmta6v41.jpg
RGB_https://i.redd.it/v7ici0wfa6v41.jpg
RGB_https://i.redd.it/f3sbf8e6a6v41.jpg
RGB_https://i.redd.it/sz1s95bx86v41.jpg
RGB_https://i.redd.it/mhj8166p86v41.jpg
RGBA_https://i.redd.it/8dglq28lp8v41.png
RGBA_https://i.redd.it/ul4s6b8zt8v41.png
RGBA_https://i.redd.it/255r1cv7u8v41.png
RGBA_https://i.imgur.com/MF8HlWs.png
RGB_https://i.redd.it/j9c4viuh29v41.jpg
RGB_https://i.imgur.com/w75fk9Q.jpg
RGB_https://i.redd.it/xsj5yt21m9v41.jpg
RGBA_https://i.imgur.com/G3BzdqY.jpg
RGB_https://i.redd.it/b8vb4o759av41.png
RGB_https://i.redd.it/198zcclg9av41.jpg
RGB_https://i.redd.it/t9raqfxf9av41.jpg
RGB_https://i.redd.it/84gxw8s8lav41.jpg
RGB_https://i.redd.it/4hc783wknav41.jpg
RGBA_https://i.redd.it/zdlyac201bv41.png
RGBA_https://i.redd.it/vjg50rnb4bv41.png
RGBA_https://i.redd.it/dwtn9he7pbv41.png
RGB_https://i.redd.it/ffn6a1g8wcv41.jpg
RGB_https://i.redd.it/3ipoedo2ycv41.png
RGB_https://i.redd.it/l8py1nabzcv41.jpg
RGB_https://i.redd.it/pr2tk8um2dv41.jpg
RGBA_https://i.redd.it/8yl68au74dv41.png
RGB_https://i.redd.it/xzod4il77dv41.jpg
RGB_https://i.redd.it/prirt5mkadv41.jpg
RGB_https://i.redd.it/3jec3273bdv41.jpg
RGBA_https://i.imgur.com/URjsoYN.png
RGB_https://i.redd.it/ur8012yhbdv41.jpg
RGB_https://i.redd.it/iv6m66wucdv41.jpg
RGB_https://i.redd.it/mvd7kzq5edv41.jpg
RGB_https://i.redd.it/mcn0ewvxedv41.jpg
RGB_https://i.redd.it/pmsu67b8hdv41.jpg
RGB_https://i.redd.it/9v1vebl5rdv41.jpg
RGB_https://i.redd.it/3f3s6jsg2ev41.jpg
RGB_https://i.redd.it/c6j2085d5ev41.jpg
RGB_https://i.redd.it/2ceokjuv9ev41.png
RGB_https://i.redd.it/6ak9azhbdev41.png
RGB_2500x4000
RGB_https://i.redd.it/6hspyzm0eev41.png
RGBA_https://i.redd.it/zzvp11ygeev41.png
RGBA_https://images2.imgbox.com/13/ef/n7JeZjox_o.png
RGBA_https://i.redd.it/1ql3zzozzev41.png
RGBA_https://i.redd.it/ttam81vj2fv41.png
RGB_https://i.redd.it/4534k87rffv41.jpg
RGB_https://i.redd.it/e7ypfapjkfv41.jpg
P_https://i.redd.it/3osgzslawfv41.png
RGB_https://i.redd.it/egkphwh45gv41.jpg
RGBA_https://i.redd.it/rtre74k88gv41.png
RGB_https://i.redd.it/qciyviyzdgv41.jpg
RGB_https://i.redd.it/k2ijxke5fgv41.jpg
RGB_https://i.redd.it/e6qkzcl9mgv41.jpg
RGBA_https://i.redd.it/rcw4iqu1mgv41.png
RGB_https://i.redd.it/sdbzalg0xgv41.jpg
RGB_https://i.redd.it/ks11ud2wxgv41.jpg
RGB_https://i.redd.it/igetq7xqxgv41.jpg
RGB_https://i.redd.it/em5lysa3ygv41.jpg
RGB_https://i.redd.it/0vizwxezxgv41.jpg
RGB_https://i.redd.it/zsfmj9faehv41.png
RGB_https://i.redd.it/zncaujyq0iv41.png
RGB_https://i.redd.it/iblni8bn6iv41.jpg
RGB_https://i.redd.it/saw1jqss7iv41.jpg
RGB_https://i.redd.it/9mcpaebk8iv41.jpg
RGB_https://i.redd.it/i59vm25ziiv41.jpg
RGB_https://i.redd.it/8nqnuao8miv41.jpg
RGBA_https://i.imgur.com/cr7Vfww.png
RGBA_https://i.redd.it/c0mg4v1qajv41.png
RGB_https://i.redd.it/wuxr8l40gjv41.jpg
RGB_https://i.redd.it/gzjiff14sjv41.jpg
RGB_https://i.redd.it/f5ym5tkxwjv41.jpg
RGB_https://i.redd.it/2b39bmo69kv41.jpg
RGB_https://i.redd.it/480eb02uckv41.jpg
RGB_https://i.redd.it/b0w9wpz1gkv41.jpg
RGB_https://i.redd.it/5s2q21j2kkv41.jpg
RGBA_https://i.redd.it/e3raag24lkv41.png
RGB_https://i.redd.it/2yxcii95nkv41.jpg
RGBA_https://i.redd.it/hepnm0z9okv41.png
RGBA_https://i.redd.it/9ix29pkjpkv41.png
RGB_https://i.redd.it/drux51srykv41.jpg
RGBA_https://i.redd.it/ymwjxzcezkv41.png
RGBA_https://i.redd.it/e9tvmaio6lv41.png
RGB_https://i.redd.it/g2t9kmhe9lv41.jpg
RGB_https://i.redd.it/7d8tyh7eglv41.jpg
RGBA_https://i.redd.it/39frjoqjmlv41.png
RGBA_https://i.redd.it/8ogfxnw0nlv41.png
RGB_https://i.redd.it/is7ay56iolv41.jpg
RGB_https://i.redd.it/10pqvsgzwlv41.jpg
RGB_https://i.redd.it/sw6wtfrg1mv41.jpg
RGBA_https://i.vgy.me/cPeKkp.png
RGB_https://i.imgur.com/gle0C0n.jpg
RGB_https://i.redd.it/0qvx47gcfmv41.png
RGBA_https://i.imgur.com/FQtFgkQ.png
RGBA_https://i.imgur.com/NR7hfBv.png
RGB_https://i.redd.it/ua841dnj6nv41.jpg
RGB_https://i.redd.it/wmzmaxvipnv41.jpg
RGBA_https://i.redd.it/xumafr982ov41.png
RGBA_https://i.redd.it/94ay7mkh3ov41.png
RGB_https://i.imgur.com/AA7MnBL.jpg
RGBA_https://i.redd.it/2pjg7xx60pv41.png
RGB_https://i.redd.it/e5pt843b7pv41.jpg
RGB_https://i.redd.it/83yo2n97hpv41.jpg
RGB_https://i.redd.it/hn7ixlerspv41.jpg
RGBA_https://i.redd.it/8a0b6ffatpv41.png
RGBA_https://i.redd.it/0407wcpqtpv41.png
RGB_https://i.redd.it/24yy6xq59qv41.jpg
RGB_https://i.redd.it/ao5bcbm8oqv41.jpg
RGB_https://i.redd.it/az40oijapqv41.jpg
RGB_https://i.redd.it/tz7zbguvpqv41.jpg
RGB_https://i.redd.it/3wtc336lpqv41.jpg
RGB_https://i.redd.it/benssakm9rv41.jpg
RGB_https://i.redd.it/yp0g6zeiarv41.jpg
RGB_https://i.redd.it/ypnvplh6brv41.jpg
RGB_https://i.redd.it/y1o6tu4ldrv41.png
RGB_https://i.redd.it/drsjvfn90sv41.png
RGB_https://i.redd.it/ym5ocf4t3sv41.png
RGB_https://i.redd.it/bncah9ykqtv41.jpg
RGB_https://i.redd.it/yp6jv2fhqtv41.jpg
RGB_https://i.redd.it/kw7js94e5uv41.jpg
RGB_https://i.redd.it/9qe1c550iuv41.jpg
RGB_https://i.redd.it/yf2m4dgrquv41.jpg
RGB_https://i.redd.it/y9zhrftpxuv41.jpg
RGB_https://i.redd.it/bw3b02f1zuv41.jpg
RGBA_https://i.redd.it/xkrmlowybvv41.png
RGB_https://i.redd.it/uxgr9c8khvv41.jpg
RGB_https://i.redd.it/cps4wfqghvv41.jpg
RGBA_https://images2.imgbox.com/fb/84/P09itsvb_o.png
RGB_https://i.redd.it/lgnr90suhvv41.jpg
RGB_https://i.redd.it/exp0fgvnhvv41.jpg
RGB_https://i.redd.it/cqp5mj72rvv41.jpg
RGB_https://i.redd.it/czh7ckw1bwv41.png
RGB_https://i.redd.it/tuo0u7wuiwv41.png
RGBA_https://i.redd.it/f9u7i2erlwv41.png
RGBA_https://i.redd.it/ejy3ma9ntwv41.png
RGBA_https://i.redd.it/2kyw33wztwv41.png
RGBA_https://i.imgur.com/8sipwDf.png
RGB_https://i.redd.it/lxjebr1xpxv41.png
RGB_https://i.redd.it/hi4mttpjvxv41.png
RGBA_https://i.redd.it/28dquts54yv41.png
RGB_https://i.imgur.com/3tQahFh.jpg
RGB_https://i.redd.it/q3r41eoomyv41.jpg
RGB_https://i.imgur.com/d4Bblx8.jpg
RGB_https://i.redd.it/wdls22ikwzv41.jpg
RGB_https://i.redd.it/a2hpb1p630w41.jpg
RGB_https://i.redd.it/cpl9a9uv50w41.jpg
RGB_https://i.redd.it/1svuj2dpb0w41.jpg
RGB_https://i.redd.it/q9d71kp7g0w41.png
RGB_https://i.redd.it/sn5ugb0jt0w41.jpg
RGB_https://i.redd.it/keg7tu92u0w41.jpg
RGB_https://i.redd.it/5ir7xd3521w41.jpg
RGB_https://i.redd.it/uom1n8pbs1w41.jpg
RGB_https://i.redd.it/7p5ufq91j2w41.png
RGB_https://i.redd.it/k0l14w2i53w41.png
RGBA_https://i.redd.it/aia7x03ga3w41.png
RGB_https://i.imgur.com/FVG99HA.jpg
RGB_https://i.redd.it/wyxzcscq04w41.jpg
RGB_https://i.redd.it/jjwyqwps15w41.jpg
RGB_https://i.redd.it/rv73ewi425w41.jpg
RGB_https://i.redd.it/jbx6zg0225w41.jpg
RGB_https://i.redd.it/75jtv3z035w41.jpg
RGB_https://i.redd.it/xmaow4nym5w41.jpg
RGB_https://i.redd.it/86fps07ao5w41.jpg
RGB_https://i.redd.it/4dsjf2u3o5w41.jpg
RGBA_https://i.redd.it/64aw8m31r5w41.png
RGBA_https://i.redd.it/9gbp6a2hr5w41.png
RGB_https://i.redd.it/1u4sgyeuv5w41.jpg
RGBA_https://i.redd.it/qkydtd2jx5w41.png
RGB_https://i.imgur.com/OPghrO4.jpg
RGBA_https://i.redd.it/ad9s8c4516w41.png
RGBA_https://i.redd.it/i9kwnaca86w41.png
RGBA_https://i.redd.it/zzfk52j186w41.png
RGB_https://i.redd.it/ijzr0s0th6w41.jpg
RGBA_https://i.redd.it/ldyx5um8l6w41.png
RGB_https://i.imgur.com/U5k2KPS.png
RGBA_https://i.redd.it/9bhrjh8dx6w41.png
RGB_https://i.redd.it/r26dzc5an7w41.jpg
RGB_https://i.redd.it/gstb8umis7w41.jpg
RGBA_https://i.vgy.me/3mHZVd.png
RGBA_https://i.vgy.me/d7xMpC.png
RGB_https://i.imgur.com/qq07AgA.png
RGB_https://i.redd.it/ox1pmwis79w41.jpg
RGB_https://i.redd.it/2ind1r2e89w41.jpg
RGB_https://i.redd.it/cmfkc62699w41.jpg
RGB_https://i.redd.it/zdrdf02j99w41.jpg
RGB_https://i.redd.it/c9dcdg4bj9w41.jpg
RGB_https://i.redd.it/9chglq6wk9w41.png
RGBA_https://i.redd.it/uva9wmad2aw41.png
RGBA_https://i.redd.it/le90438b3aw41.png
RGBA_https://i.redd.it/qe726ud84aw41.png
RGB_https://i.imgur.com/jEKsYwH.jpg
RGB_https://i.imgur.com/sRoMDcx.jpg
RGB_https://i.imgur.com/FQyNBHE.jpg
RGB_https://i.redd.it/0aguwtwqrbw41.png
RGB_https://i.redd.it/ys18pqyazbw41.jpg
RGB_https://i.redd.it/wyckxqxodcw41.jpg
RGB_https://i.redd.it/43sf99gbvcw41.jpg
RGB_https://i.redd.it/itj3eal1wcw41.jpg
RGB_https://i.redd.it/zn67siorvcw41.jpg
RGB_https://i.redd.it/mkg6ooznvcw41.jpg
RGB_https://i.redd.it/69wylqekvcw41.jpg
RGB_https://i.redd.it/r03fa1g84dw41.jpg
RGBA_https://i.redd.it/y2gdpa1s7dw41.png
RGB_https://i.redd.it/kvhaalkm8dw41.png
RGBA_https://i.redd.it/sjlh5pkt9dw41.png
RGBA_https://i.redd.it/wb90dm9ijdw41.png
RGBA_https://i.redd.it/dhf8ptzhjdw41.png
RGBA_https://i.redd.it/yzui81uhjdw41.png
RGBA_https://i.redd.it/6kiwsr8ildw41.png
RGB_https://i.redd.it/ikfvqxrpqdw41.jpg
RGBA_https://i.redd.it/2w91s49qudw41.png
RGBA_https://i.redd.it/ym92nsadydw41.png
RGB_https://i.redd.it/gp9nopd13ew41.jpg
RGB_https://i.redd.it/xpj6upz3aew41.jpg
RGBA_https://i.redd.it/i71idp4xaew41.png
RGB_https://i.redd.it/g9xpo5vuhew41.jpg
RGB_https://i.redd.it/q1wffgufrew41.png
RGB_https://i.redd.it/1x93j78f6fw41.jpg
RGBA_https://i.redd.it/8l04z55wdfw41.png
RGBA_https://i.redd.it/bzhxy02uefw41.png
RGBA_https://i.redd.it/3rap6wlkefw41.png
RGB_https://i.redd.it/aeljk6j6zfw41.jpg
RGBA_https://i.redd.it/r2chrq6rzfw41.png
RGB_https://i.redd.it/he2sjl0yvgw41.jpg
RGB_https://i.redd.it/b3bcl96uvgw41.jpg
RGBA_https://i.redd.it/yohrtzao4hw41.png
RGBA_https://i.redd.it/4ulbylv3xhw41.png
RGB_https://i.redd.it/nix4kmn22iw41.jpg
RGB_https://i.redd.it/wommzxoh2iw41.jpg
RGBA_https://i.redd.it/urpdv2u6eiw41.png
RGB_https://i.redd.it/4rs54p68miw41.jpg
RGB_https://i.redd.it/toykzkz6tiw41.jpg
RGBA_https://i.redd.it/zynjofewtiw41.png
RGB_https://i.redd.it/5w0c3cgptiw41.jpg
RGB_https://i.redd.it/1pj1581nuiw41.png
RGBA_https://i.redd.it/a30ah81xuiw41.png
RGBA_https://i.redd.it/vbpe7b731jw41.png
RGB_https://i.redd.it/a4fnkzrlejw41.jpg
RGB_https://i.redd.it/p56edspefjw41.jpg
RGB_https://i.redd.it/0ghvss0dgjw41.jpg
RGB_https://i.redd.it/z720ubrdwjw41.jpg
RGBA_https://i.redd.it/hmbpltpxdlw41.png
RGB_https://i.imgur.com/DnlhC7V.png
RGB_https://i.imgur.com/Pn9Jz9X.jpg
RGB_https://i.redd.it/7bbwhq7mdkw41.jpg
RGB_https://i.redd.it/3rlmn6xhdkw41.jpg
RGB_https://i.redd.it/ve75ih5frlw41.jpg
RGB_https://i.redd.it/uow8r0ccwlw41.jpg
RGB_https://i.redd.it/y24dapf9cnw41.jpg
RGBA_https://i.redd.it/9fjgcu9tinw41.png
RGBA_https://i.redd.it/oswz3sbkjnw41.png
RGB_https://i.imgur.com/f0V8zxL.jpg
RGB_https://i.redd.it/p2odsojfonw41.png
RGB_https://i.redd.it/qf5k0rdabow41.jpg
RGBA_https://i.redd.it/9mibvrn4bow41.png
RGB_https://i.redd.it/5ca9gkv5bow41.jpg
RGB_https://i.redd.it/bn4o0on2bow41.jpg
RGB_https://i.redd.it/thmwn3z9gow41.png
RGB_https://i.redd.it/hoomks1mgow41.png
RGB_https://i.imgur.com/z4kHE2m.jpg
RGB_https://i.redd.it/eta21enb5pw41.jpg
RGBA_https://i.redd.it/meie60fn6pw41.png
RGBA_https://i.redd.it/h3gt528h6pw41.png
RGB_https://i.redd.it/1wzuacto3qw41.jpg
RGB_https://i.redd.it/31adf7k24qw41.jpg
RGB_https://i.redd.it/z79hded7uqw41.png
RGB_https://i.redd.it/znij4m32wqw41.jpg
RGB_https://i.imgur.com/wEUCUI5.jpg
